{"meta": {"format": 3, "version": "7.13.4", "timestamp": "2026-02-22T07:41:17.703078", "branch_coverage": false, "show_contexts": false}, "files": {"src/__init__.py": {"executed_lines": [], "summary": {"covered_lines": 0, "num_statements": 0, "percent_covered": 100.0, "percent_covered_display": "100", "missing_lines": 0, "excluded_lines": 0, "percent_statements_covered": 100.0, "percent_statements_covered_display": "100"}, "missing_lines": [], "excluded_lines": [], "functions": {"": {"executed_lines": [], "summary": {"covered_lines": 0, "num_statements": 0, "percent_covered": 100.0, "percent_covered_display": "100", "missing_lines": 0, "excluded_lines": 0, "percent_statements_covered": 100.0, "percent_statements_covered_display": "100"}, "missing_lines": [], "excluded_lines": [], "start_line": 1}}, "classes": {"": {"executed_lines": [], "summary": {"covered_lines": 0, "num_statements": 0, "percent_covered": 100.0, "percent_covered_display": "100", "missing_lines": 0, "excluded_lines": 0, "percent_statements_covered": 100.0, "percent_statements_covered_display": "100"}, "missing_lines": [], "excluded_lines": [], "start_line": 1}}}, "src/agents/__init__.py": {"executed_lines": [], "summary": {"covered_lines": 0, "num_statements": 0, "percent_covered": 100.0, "percent_covered_display": "100", "missing_lines": 0, "excluded_lines": 0, "percent_statements_covered": 100.0, "percent_statements_covered_display": "100"}, "missing_lines": [], "excluded_lines": [], "functions": {"": {"executed_lines": [], "summary": {"covered_lines": 0, "num_statements": 0, "percent_covered": 100.0, "percent_covered_display": "100", "missing_lines": 0, "excluded_lines": 0, "percent_statements_covered": 100.0, "percent_statements_covered_display": "100"}, "missing_lines": [], "excluded_lines": [], "start_line": 1}}, "classes": {"": {"executed_lines": [], "summary": {"covered_lines": 0, "num_statements": 0, "percent_covered": 100.0, "percent_covered_display": "100", "missing_lines": 0, "excluded_lines": 0, "percent_statements_covered": 100.0, "percent_statements_covered_display": "100"}, "missing_lines": [], "excluded_lines": [], "start_line": 1}}}, "src/agents/agent_arena.py": {"executed_lines": [], "summary": {"covered_lines": 0, "num_statements": 233, "percent_covered": 0.0, "percent_covered_display": "0", "missing_lines": 233, "excluded_lines": 0, "percent_statements_covered": 0.0, "percent_statements_covered_display": "0"}, "missing_lines": [14, 15, 16, 18, 21, 22, 24, 27, 30, 31, 32, 33, 36, 39, 40, 41, 42, 43, 44, 45, 47, 49, 50, 51, 53, 54, 55, 57, 58, 59, 60, 62, 64, 65, 66, 68, 70, 71, 72, 74, 80, 81, 84, 86, 89, 97, 115, 116, 117, 118, 121, 123, 124, 125, 126, 134, 137, 138, 141, 142, 145, 146, 148, 155, 171, 172, 175, 176, 177, 179, 180, 181, 182, 183, 184, 185, 186, 193, 194, 195, 198, 201, 206, 209, 211, 219, 221, 237, 238, 241, 242, 244, 245, 246, 247, 248, 249, 250, 257, 258, 261, 264, 269, 271, 279, 281, 296, 297, 299, 300, 302, 303, 305, 306, 308, 309, 313, 315, 324, 327, 328, 332, 335, 336, 337, 338, 341, 342, 345, 346, 348, 350, 355, 356, 357, 360, 361, 362, 365, 366, 369, 371, 373, 377, 378, 379, 382, 383, 385, 387, 395, 398, 399, 400, 401, 402, 403, 404, 407, 408, 409, 410, 413, 414, 417, 418, 420, 422, 431, 432, 434, 443, 444, 446, 456, 457, 458, 459, 461, 462, 463, 464, 466, 468, 475, 476, 477, 487, 488, 489, 499, 501, 508, 518, 519, 520, 521, 522, 523, 525, 526, 527, 528, 529, 530, 532, 534, 541, 543, 544, 546, 547, 548, 550, 551, 552, 554, 556, 563, 565, 567, 568, 569, 571, 572, 573, 574, 575, 577, 578, 579, 580, 581], "excluded_lines": [], "functions": {"AgentStats.__init__": {"executed_lines": [], "summary": {"covered_lines": 0, "num_statements": 6, "percent_covered": 0.0, "percent_covered_display": "0", "missing_lines": 6, "excluded_lines": 0, "percent_statements_covered": 0.0, "percent_statements_covered_display": "0"}, "missing_lines": [40, 41, 42, 43, 44, 45], "excluded_lines": [], "start_line": 39}, "AgentStats.update": {"executed_lines": [], "summary": {"covered_lines": 0, "num_statements": 10, "percent_covered": 0.0, "percent_covered_display": "0", "missing_lines": 10, "excluded_lines": 0, "percent_statements_covered": 0.0, "percent_statements_covered_display": "0"}, "missing_lines": [49, 50, 51, 53, 54, 55, 57, 58, 59, 60], "excluded_lines": [], "start_line": 47}, "AgentStats.get_avg_reward": {"executed_lines": [], "summary": {"covered_lines": 0, "num_statements": 3, "percent_covered": 0.0, "percent_covered_display": "0", "missing_lines": 3, "excluded_lines": 0, "percent_statements_covered": 0.0, "percent_statements_covered_display": "0"}, "missing_lines": [64, 65, 66], "excluded_lines": [], "start_line": 62}, "AgentStats.get_accuracy": {"executed_lines": [], "summary": {"covered_lines": 0, "num_statements": 3, "percent_covered": 0.0, "percent_covered_display": "0", "missing_lines": 3, "excluded_lines": 0, "percent_statements_covered": 0.0, "percent_statements_covered_display": "0"}, "missing_lines": [70, 71, 72], "excluded_lines": [], "start_line": 68}, "AgentStats.get_weight": {"executed_lines": [], "summary": {"covered_lines": 0, "num_statements": 4, "percent_covered": 0.0, "percent_covered_display": "0", "missing_lines": 4, "excluded_lines": 0, "percent_statements_covered": 0.0, "percent_statements_covered_display": "0"}, "missing_lines": [80, 81, 84, 86], "excluded_lines": [], "start_line": 74}, "AgentArena.__init__": {"executed_lines": [], "summary": {"covered_lines": 0, "num_statements": 17, "percent_covered": 0.0, "percent_covered_display": "0", "missing_lines": 17, "excluded_lines": 0, "percent_statements_covered": 0.0, "percent_statements_covered_display": "0"}, "missing_lines": [115, 116, 117, 118, 121, 123, 124, 125, 126, 134, 137, 138, 141, 142, 145, 146, 148], "excluded_lines": [], "start_line": 97}, "AgentArena.get_entry_signal": {"executed_lines": [], "summary": {"covered_lines": 0, "num_statements": 22, "percent_covered": 0.0, "percent_covered_display": "0", "missing_lines": 22, "excluded_lines": 0, "percent_statements_covered": 0.0, "percent_statements_covered_display": "0"}, "missing_lines": [171, 172, 175, 176, 177, 179, 180, 181, 182, 183, 184, 185, 186, 193, 194, 195, 198, 201, 206, 209, 211, 219], "excluded_lines": [], "start_line": 155}, "AgentArena.get_exit_signal": {"executed_lines": [], "summary": {"covered_lines": 0, "num_statements": 18, "percent_covered": 0.0, "percent_covered_display": "0", "missing_lines": 18, "excluded_lines": 0, "percent_statements_covered": 0.0, "percent_statements_covered_display": "0"}, "missing_lines": [237, 238, 241, 242, 244, 245, 246, 247, 248, 249, 250, 257, 258, 261, 264, 269, 271, 279], "excluded_lines": [], "start_line": 221}, "AgentArena._calculate_consensus": {"executed_lines": [], "summary": {"covered_lines": 0, "num_statements": 11, "percent_covered": 0.0, "percent_covered_display": "0", "missing_lines": 11, "excluded_lines": 0, "percent_statements_covered": 0.0, "percent_statements_covered_display": "0"}, "missing_lines": [296, 297, 299, 300, 302, 303, 305, 306, 308, 309, 313], "excluded_lines": [], "start_line": 281}, "AgentArena._weighted_average_consensus": {"executed_lines": [], "summary": {"covered_lines": 0, "num_statements": 13, "percent_covered": 0.0, "percent_covered_display": "0", "missing_lines": 13, "excluded_lines": 0, "percent_statements_covered": 0.0, "percent_statements_covered_display": "0"}, "missing_lines": [324, 327, 328, 332, 335, 336, 337, 338, 341, 342, 345, 346, 348], "excluded_lines": [], "start_line": 315}, "AgentArena._voting_consensus": {"executed_lines": [], "summary": {"covered_lines": 0, "num_statements": 10, "percent_covered": 0.0, "percent_covered_display": "0", "missing_lines": 10, "excluded_lines": 0, "percent_statements_covered": 0.0, "percent_statements_covered_display": "0"}, "missing_lines": [355, 356, 357, 360, 361, 362, 365, 366, 369, 371], "excluded_lines": [], "start_line": 350}, "AgentArena._max_confidence_consensus": {"executed_lines": [], "summary": {"covered_lines": 0, "num_statements": 6, "percent_covered": 0.0, "percent_covered_display": "0", "missing_lines": 6, "excluded_lines": 0, "percent_statements_covered": 0.0, "percent_statements_covered_display": "0"}, "missing_lines": [377, 378, 379, 382, 383, 385], "excluded_lines": [], "start_line": 373}, "AgentArena._min_risk_consensus": {"executed_lines": [], "summary": {"covered_lines": 0, "num_statements": 17, "percent_covered": 0.0, "percent_covered_display": "0", "missing_lines": 17, "excluded_lines": 0, "percent_statements_covered": 0.0, "percent_statements_covered_display": "0"}, "missing_lines": [395, 398, 399, 400, 401, 402, 403, 404, 407, 408, 409, 410, 413, 414, 417, 418, 420], "excluded_lines": [], "start_line": 387}, "AgentArena.update_trigger_performance": {"executed_lines": [], "summary": {"covered_lines": 0, "num_statements": 2, "percent_covered": 0.0, "percent_covered_display": "0", "missing_lines": 2, "excluded_lines": 0, "percent_statements_covered": 0.0, "percent_statements_covered_display": "0"}, "missing_lines": [431, 432], "excluded_lines": [], "start_line": 422}, "AgentArena.update_harvester_performance": {"executed_lines": [], "summary": {"covered_lines": 0, "num_statements": 2, "percent_covered": 0.0, "percent_covered_display": "0", "missing_lines": 2, "excluded_lines": 0, "percent_statements_covered": 0.0, "percent_statements_covered_display": "0"}, "missing_lines": [443, 444], "excluded_lines": [], "start_line": 434}, "AgentArena.get_diversity_score": {"executed_lines": [], "summary": {"covered_lines": 0, "num_statements": 9, "percent_covered": 0.0, "percent_covered_display": "0", "missing_lines": 9, "excluded_lines": 0, "percent_statements_covered": 0.0, "percent_statements_covered_display": "0"}, "missing_lines": [456, 457, 458, 459, 461, 462, 463, 464, 466], "excluded_lines": [], "start_line": 446}, "AgentArena.get_stats": {"executed_lines": [], "summary": {"covered_lines": 0, "num_statements": 8, "percent_covered": 0.0, "percent_covered_display": "0", "missing_lines": 8, "excluded_lines": 0, "percent_statements_covered": 0.0, "percent_statements_covered_display": "0"}, "missing_lines": [475, 476, 477, 487, 488, 489, 499, 501], "excluded_lines": [], "start_line": 468}, "AgentArena.train_all_agents": {"executed_lines": [], "summary": {"covered_lines": 0, "num_statements": 13, "percent_covered": 0.0, "percent_covered_display": "0", "missing_lines": 13, "excluded_lines": 0, "percent_statements_covered": 0.0, "percent_statements_covered_display": "0"}, "missing_lines": [518, 519, 520, 521, 522, 523, 525, 526, 527, 528, 529, 530, 532], "excluded_lines": [], "start_line": 508}, "AgentArena.save_weights": {"executed_lines": [], "summary": {"covered_lines": 0, "num_statements": 10, "percent_covered": 0.0, "percent_covered_display": "0", "missing_lines": 10, "excluded_lines": 0, "percent_statements_covered": 0.0, "percent_statements_covered_display": "0"}, "missing_lines": [541, 543, 544, 546, 547, 548, 550, 551, 552, 554], "excluded_lines": [], "start_line": 534}, "AgentArena.load_weights": {"executed_lines": [], "summary": {"covered_lines": 0, "num_statements": 15, "percent_covered": 0.0, "percent_covered_display": "0", "missing_lines": 15, "excluded_lines": 0, "percent_statements_covered": 0.0, "percent_statements_covered_display": "0"}, "missing_lines": [563, 565, 567, 568, 569, 571, 572, 573, 574, 575, 577, 578, 579, 580, 581], "excluded_lines": [], "start_line": 556}, "": {"executed_lines": [], "summary": {"covered_lines": 0, "num_statements": 34, "percent_covered": 0.0, "percent_covered_display": "0", "missing_lines": 34, "excluded_lines": 0, "percent_statements_covered": 0.0, "percent_statements_covered_display": "0"}, "missing_lines": [14, 15, 16, 18, 21, 22, 24, 27, 30, 31, 32, 33, 36, 39, 47, 62, 68, 74, 89, 97, 155, 221, 281, 315, 350, 373, 387, 422, 434, 446, 468, 508, 534, 556], "excluded_lines": [], "start_line": 1}}, "classes": {"ConsensusMode": {"executed_lines": [], "summary": {"covered_lines": 0, "num_statements": 0, "percent_covered": 100.0, "percent_covered_display": "100", "missing_lines": 0, "excluded_lines": 0, "percent_statements_covered": 100.0, "percent_statements_covered_display": "100"}, "missing_lines": [], "excluded_lines": [], "start_line": 27}, "AgentStats": {"executed_lines": [], "summary": {"covered_lines": 0, "num_statements": 26, "percent_covered": 0.0, "percent_covered_display": "0", "missing_lines": 26, "excluded_lines": 0, "percent_statements_covered": 0.0, "percent_statements_covered_display": "0"}, "missing_lines": [40, 41, 42, 43, 44, 45, 49, 50, 51, 53, 54, 55, 57, 58, 59, 60, 64, 65, 66, 70, 71, 72, 80, 81, 84, 86], "excluded_lines": [], "start_line": 36}, "AgentArena": {"executed_lines": [], "summary": {"covered_lines": 0, "num_statements": 173, "percent_covered": 0.0, "percent_covered_display": "0", "missing_lines": 173, "excluded_lines": 0, "percent_statements_covered": 0.0, "percent_statements_covered_display": "0"}, "missing_lines": [115, 116, 117, 118, 121, 123, 124, 125, 126, 134, 137, 138, 141, 142, 145, 146, 148, 171, 172, 175, 176, 177, 179, 180, 181, 182, 183, 184, 185, 186, 193, 194, 195, 198, 201, 206, 209, 211, 219, 237, 238, 241, 242, 244, 245, 246, 247, 248, 249, 250, 257, 258, 261, 264, 269, 271, 279, 296, 297, 299, 300, 302, 303, 305, 306, 308, 309, 313, 324, 327, 328, 332, 335, 336, 337, 338, 341, 342, 345, 346, 348, 355, 356, 357, 360, 361, 362, 365, 366, 369, 371, 377, 378, 379, 382, 383, 385, 395, 398, 399, 400, 401, 402, 403, 404, 407, 408, 409, 410, 413, 414, 417, 418, 420, 431, 432, 443, 444, 456, 457, 458, 459, 461, 462, 463, 464, 466, 475, 476, 477, 487, 488, 489, 499, 501, 518, 519, 520, 521, 522, 523, 525, 526, 527, 528, 529, 530, 532, 541, 543, 544, 546, 547, 548, 550, 551, 552, 554, 563, 565, 567, 568, 569, 571, 572, 573, 574, 575, 577, 578, 579, 580, 581], "excluded_lines": [], "start_line": 89}, "": {"executed_lines": [], "summary": {"covered_lines": 0, "num_statements": 34, "percent_covered": 0.0, "percent_covered_display": "0", "missing_lines": 34, "excluded_lines": 0, "percent_statements_covered": 0.0, "percent_statements_covered_display": "0"}, "missing_lines": [14, 15, 16, 18, 21, 22, 24, 27, 30, 31, 32, 33, 36, 39, 47, 62, 68, 74, 89, 97, 155, 221, 281, 315, 350, 373, 387, 422, 434, 446, 468, 508, 534, 556], "excluded_lines": [], "start_line": 1}}}, "src/agents/dual_policy.py": {"executed_lines": [14, 15, 17, 19, 20, 21, 22, 23, 24, 26, 29, 30, 31, 32, 35, 49, 77, 78, 79, 80, 81, 82, 83, 84, 85, 88, 91, 92, 93, 95, 96, 97, 99, 110, 123, 124, 127, 130, 131, 135, 136, 138, 141, 142, 143, 144, 145, 146, 147, 150, 151, 152, 154, 156, 183, 184, 187, 190, 191, 192, 195, 196, 197, 202, 203, 214, 215, 220, 221, 225, 235, 238, 241, 252, 253, 254, 256, 266, 267, 268, 269, 276, 278, 303, 304, 307, 308, 311, 314, 322, 323, 331, 333, 335, 343, 353, 357, 362, 374, 375, 376, 377, 378, 379, 380, 386, 416, 427, 428, 431, 436, 438, 446, 447, 448, 449, 450, 451, 452, 454, 457, 458, 461, 469, 470, 471, 472, 473, 475, 476, 477, 478, 479, 481, 482, 483, 484, 485, 486, 487, 488, 491, 532, 533, 534, 535, 536, 538, 539, 541, 542, 545, 546, 547, 549, 550, 551, 554, 555, 556, 557, 558, 559, 561, 562, 563, 564, 565, 566, 567, 569, 570, 571, 572, 577, 578, 579, 582, 593, 595, 598, 599, 600, 601, 602, 604, 617, 618, 619, 620, 621, 622, 623, 624, 627, 628, 629, 630, 631, 632, 635, 647, 650, 656, 657, 658, 662, 667, 669, 671, 672, 674, 675, 677, 704, 706, 712, 713, 715, 716, 717, 718, 723, 741, 742, 744, 753, 771, 772, 774, 783, 793, 794, 796, 799, 802, 803, 806, 807, 810, 811, 819, 821, 823, 832, 913, 924, 925, 927, 928, 932, 935, 936, 937, 938, 939, 943, 944, 945, 946, 947, 952, 953, 954, 955, 957, 958, 959, 960, 963, 964, 965, 966, 967, 969, 970, 971, 974, 975, 976, 977, 980, 981, 982, 984, 985, 990, 991, 992, 993, 994, 995, 996, 997, 999, 1000, 1001, 1002, 1003, 1005, 1009, 1010, 1021, 1027], "summary": {"covered_lines": 304, "num_statements": 437, "percent_covered": 69.56521739130434, "percent_covered_display": "70", "missing_lines": 133, "excluded_lines": 0, "percent_statements_covered": 69.56521739130434, "percent_statements_covered_display": "70"}, "missing_lines": [204, 205, 206, 207, 354, 355, 358, 359, 363, 370, 371, 372, 401, 402, 403, 404, 405, 406, 407, 462, 463, 685, 686, 687, 688, 689, 690, 691, 692, 693, 694, 695, 696, 697, 698, 699, 843, 844, 846, 847, 850, 851, 852, 853, 854, 855, 857, 858, 859, 860, 861, 862, 865, 866, 867, 869, 870, 871, 874, 881, 882, 883, 884, 885, 886, 887, 888, 891, 892, 893, 898, 899, 900, 901, 903, 904, 906, 907, 909, 911, 929, 930, 940, 941, 948, 949, 986, 987, 1006, 1007, 1019, 1028, 1030, 1031, 1032, 1033, 1036, 1037, 1038, 1039, 1040, 1041, 1044, 1045, 1046, 1047, 1048, 1049, 1051, 1052, 1053, 1054, 1055, 1058, 1059, 1060, 1061, 1062, 1065, 1066, 1067, 1068, 1069, 1070, 1071, 1077, 1078, 1079, 1080, 1081, 1083, 1084, 1085], "excluded_lines": [], "functions": {"DualPolicy.__init__": {"executed_lines": [77, 78, 79, 80, 81, 82, 83, 84, 85, 88, 91, 92, 93, 95, 96, 97, 99, 110, 123, 124, 127, 130, 131, 135, 136, 138, 141, 142, 143, 144, 145, 146, 147, 150, 151, 152, 154], "summary": {"covered_lines": 37, "num_statements": 37, "percent_covered": 100.0, "percent_covered_display": "100", "missing_lines": 0, "excluded_lines": 0, "percent_statements_covered": 100.0, "percent_statements_covered_display": "100"}, "missing_lines": [], "excluded_lines": [], "start_line": 49}, "DualPolicy.decide_entry": {"executed_lines": [183, 184, 187, 190, 191, 192, 195, 196, 197, 202, 203, 214, 215, 220, 221, 225, 235, 238, 241, 252, 253, 254, 256, 266, 267, 268, 269, 276], "summary": {"covered_lines": 28, "num_statements": 32, "percent_covered": 87.5, "percent_covered_display": "88", "missing_lines": 4, "excluded_lines": 0, "percent_statements_covered": 87.5, "percent_statements_covered_display": "88"}, "missing_lines": [204, 205, 206, 207], "excluded_lines": [], "start_line": 156}, "DualPolicy.decide_exit": {"executed_lines": [303, 304, 307, 308, 311, 314, 322, 323, 331], "summary": {"covered_lines": 9, "num_statements": 9, "percent_covered": 100.0, "percent_covered_display": "100", "missing_lines": 0, "excluded_lines": 0, "percent_statements_covered": 100.0, "percent_statements_covered_display": "100"}, "missing_lines": [], "excluded_lines": [], "start_line": 278}, "DualPolicy.get_position_metrics": {"executed_lines": [335], "summary": {"covered_lines": 1, "num_statements": 1, "percent_covered": 100.0, "percent_covered_display": "100", "missing_lines": 0, "excluded_lines": 0, "percent_statements_covered": 100.0, "percent_statements_covered_display": "100"}, "missing_lines": [], "excluded_lines": [], "start_line": 333}, "DualPolicy.on_entry": {"executed_lines": [353, 357, 362, 374, 375, 376, 377, 378, 379, 380], "summary": {"covered_lines": 10, "num_statements": 18, "percent_covered": 55.55555555555556, "percent_covered_display": "56", "missing_lines": 8, "excluded_lines": 0, "percent_statements_covered": 55.55555555555556, "percent_statements_covered_display": "56"}, "missing_lines": [354, 355, 358, 359, 363, 370, 371, 372], "excluded_lines": [], "start_line": 343}, "DualPolicy.on_recovery": {"executed_lines": [], "summary": {"covered_lines": 0, "num_statements": 7, "percent_covered": 0.0, "percent_covered_display": "0", "missing_lines": 7, "excluded_lines": 0, "percent_statements_covered": 0.0, "percent_statements_covered_display": "0"}, "missing_lines": [401, 402, 403, 404, 405, 406, 407], "excluded_lines": [], "start_line": 386}, "DualPolicy.on_exit": {"executed_lines": [427, 428, 431, 436, 438, 446, 447, 448, 449, 450, 451, 452], "summary": {"covered_lines": 12, "num_statements": 12, "percent_covered": 100.0, "percent_covered_display": "100", "missing_lines": 0, "excluded_lines": 0, "percent_statements_covered": 100.0, "percent_statements_covered_display": "100"}, "missing_lines": [], "excluded_lines": [], "start_line": 416}, "DualPolicy._update_mfe_mae": {"executed_lines": [457, 458, 461, 469, 470, 471, 472, 473, 475, 476, 477, 478, 479, 481, 482, 483, 484, 485, 486, 487, 488], "summary": {"covered_lines": 21, "num_statements": 23, "percent_covered": 91.30434782608695, "percent_covered_display": "91", "missing_lines": 2, "excluded_lines": 0, "percent_statements_covered": 91.30434782608695, "percent_statements_covered_display": "91"}, "missing_lines": [462, 463], "excluded_lines": [], "start_line": 454}, "DualPolicy._build_state": {"executed_lines": [532, 533, 534, 535, 536, 538, 539, 541, 542, 545, 546, 547, 549, 550, 551, 554, 561, 569, 570, 571, 572, 577, 578, 579, 582, 593, 595, 598, 599, 600, 601, 602, 604, 617, 618, 619, 620, 621, 622, 623, 624, 627, 628, 629, 630, 631, 632, 635, 647, 650, 656, 657, 658, 662, 667], "summary": {"covered_lines": 55, "num_statements": 55, "percent_covered": 100.0, "percent_covered_display": "100", "missing_lines": 0, "excluded_lines": 0, "percent_statements_covered": 100.0, "percent_statements_covered_display": "100"}, "missing_lines": [], "excluded_lines": [], "start_line": 491}, "DualPolicy._build_state.rolling_mean": {"executed_lines": [555, 556, 557, 558, 559], "summary": {"covered_lines": 5, "num_statements": 5, "percent_covered": 100.0, "percent_covered_display": "100", "missing_lines": 0, "excluded_lines": 0, "percent_statements_covered": 100.0, "percent_statements_covered_display": "100"}, "missing_lines": [], "excluded_lines": [], "start_line": 554}, "DualPolicy._build_state.rolling_std": {"executed_lines": [562, 563, 564, 565, 566, 567], "summary": {"covered_lines": 6, "num_statements": 6, "percent_covered": 100.0, "percent_covered_display": "100", "missing_lines": 0, "excluded_lines": 0, "percent_statements_covered": 100.0, "percent_statements_covered_display": "100"}, "missing_lines": [], "excluded_lines": [], "start_line": 561}, "DualPolicy._ingest_price_for_regime": {"executed_lines": [671, 672, 674, 675], "summary": {"covered_lines": 4, "num_statements": 4, "percent_covered": 100.0, "percent_covered_display": "100", "missing_lines": 0, "excluded_lines": 0, "percent_statements_covered": 100.0, "percent_statements_covered_display": "100"}, "missing_lines": [], "excluded_lines": [], "start_line": 669}, "DualPolicy.seed_regime_from_bars": {"executed_lines": [], "summary": {"covered_lines": 0, "num_statements": 15, "percent_covered": 0.0, "percent_covered_display": "0", "missing_lines": 15, "excluded_lines": 0, "percent_statements_covered": 0.0, "percent_statements_covered_display": "0"}, "missing_lines": [685, 686, 687, 688, 689, 690, 691, 692, 693, 694, 695, 696, 697, 698, 699], "excluded_lines": [], "start_line": 677}, "DualPolicy._sync_replay_buffer_regime": {"executed_lines": [706, 712, 713, 715, 716, 717, 718], "summary": {"covered_lines": 7, "num_statements": 7, "percent_covered": 100.0, "percent_covered_display": "100", "missing_lines": 0, "excluded_lines": 0, "percent_statements_covered": 100.0, "percent_statements_covered_display": "100"}, "missing_lines": [], "excluded_lines": [], "start_line": 704}, "DualPolicy.add_trigger_experience": {"executed_lines": [741, 742, 744], "summary": {"covered_lines": 3, "num_statements": 3, "percent_covered": 100.0, "percent_covered_display": "100", "missing_lines": 0, "excluded_lines": 0, "percent_statements_covered": 100.0, "percent_statements_covered_display": "100"}, "missing_lines": [], "excluded_lines": [], "start_line": 723}, "DualPolicy.add_harvester_experience": {"executed_lines": [771, 772, 774], "summary": {"covered_lines": 3, "num_statements": 3, "percent_covered": 100.0, "percent_covered_display": "100", "missing_lines": 0, "excluded_lines": 0, "percent_statements_covered": 100.0, "percent_statements_covered_display": "100"}, "missing_lines": [], "excluded_lines": [], "start_line": 753}, "DualPolicy.train_step": {"executed_lines": [793, 794, 796, 799, 802, 803, 806, 807, 810, 811, 819], "summary": {"covered_lines": 11, "num_statements": 11, "percent_covered": 100.0, "percent_covered_display": "100", "missing_lines": 0, "excluded_lines": 0, "percent_statements_covered": 100.0, "percent_statements_covered_display": "100"}, "missing_lines": [], "excluded_lines": [], "start_line": 783}, "DualPolicy.get_training_stats": {"executed_lines": [823], "summary": {"covered_lines": 1, "num_statements": 1, "percent_covered": 100.0, "percent_covered_display": "100", "missing_lines": 0, "excluded_lines": 0, "percent_statements_covered": 100.0, "percent_statements_covered_display": "100"}, "missing_lines": [], "excluded_lines": [], "start_line": 821}, "DualPolicy.save_checkpoint": {"executed_lines": [], "summary": {"covered_lines": 0, "num_statements": 44, "percent_covered": 0.0, "percent_covered_display": "0", "missing_lines": 44, "excluded_lines": 0, "percent_statements_covered": 0.0, "percent_statements_covered_display": "0"}, "missing_lines": [843, 844, 846, 847, 850, 851, 852, 853, 854, 855, 857, 858, 859, 860, 861, 862, 865, 866, 867, 869, 870, 871, 874, 881, 882, 883, 884, 885, 886, 887, 888, 891, 892, 893, 898, 899, 900, 901, 903, 904, 906, 907, 909, 911], "excluded_lines": [], "start_line": 832}, "DualPolicy.load_checkpoint": {"executed_lines": [924, 925, 927, 928, 932, 935, 936, 937, 938, 939, 943, 944, 945, 946, 947, 952, 953, 954, 955, 957, 958, 959, 960, 963, 964, 965, 966, 967, 969, 970, 971, 974, 975, 976, 977, 980, 981, 982, 984, 985, 990, 991, 992, 993, 994, 995, 996, 997, 999, 1000, 1001, 1002, 1003, 1005, 1009, 1010, 1021], "summary": {"covered_lines": 57, "num_statements": 68, "percent_covered": 83.82352941176471, "percent_covered_display": "84", "missing_lines": 11, "excluded_lines": 0, "percent_statements_covered": 83.82352941176471, "percent_statements_covered_display": "84"}, "missing_lines": [929, 930, 940, 941, 948, 949, 986, 987, 1006, 1007, 1019], "excluded_lines": [], "start_line": 913}, "": {"executed_lines": [14, 15, 17, 19, 20, 21, 22, 23, 24, 26, 29, 30, 31, 32, 35, 49, 156, 278, 333, 343, 386, 416, 454, 491, 669, 677, 704, 723, 753, 783, 821, 832, 913, 1027], "summary": {"covered_lines": 34, "num_statements": 76, "percent_covered": 44.73684210526316, "percent_covered_display": "45", "missing_lines": 42, "excluded_lines": 0, "percent_statements_covered": 44.73684210526316, "percent_statements_covered_display": "45"}, "missing_lines": [1028, 1030, 1031, 1032, 1033, 1036, 1037, 1038, 1039, 1040, 1041, 1044, 1045, 1046, 1047, 1048, 1049, 1051, 1052, 1053, 1054, 1055, 1058, 1059, 1060, 1061, 1062, 1065, 1066, 1067, 1068, 1069, 1070, 1071, 1077, 1078, 1079, 1080, 1081, 1083, 1084, 1085], "excluded_lines": [], "start_line": 1}}, "classes": {"DualPolicy": {"executed_lines": [77, 78, 79, 80, 81, 82, 83, 84, 85, 88, 91, 92, 93, 95, 96, 97, 99, 110, 123, 124, 127, 130, 131, 135, 136, 138, 141, 142, 143, 144, 145, 146, 147, 150, 151, 152, 154, 183, 184, 187, 190, 191, 192, 195, 196, 197, 202, 203, 214, 215, 220, 221, 225, 235, 238, 241, 252, 253, 254, 256, 266, 267, 268, 269, 276, 303, 304, 307, 308, 311, 314, 322, 323, 331, 335, 353, 357, 362, 374, 375, 376, 377, 378, 379, 380, 427, 428, 431, 436, 438, 446, 447, 448, 449, 450, 451, 452, 457, 458, 461, 469, 470, 471, 472, 473, 475, 476, 477, 478, 479, 481, 482, 483, 484, 485, 486, 487, 488, 532, 533, 534, 535, 536, 538, 539, 541, 542, 545, 546, 547, 549, 550, 551, 554, 555, 556, 557, 558, 559, 561, 562, 563, 564, 565, 566, 567, 569, 570, 571, 572, 577, 578, 579, 582, 593, 595, 598, 599, 600, 601, 602, 604, 617, 618, 619, 620, 621, 622, 623, 624, 627, 628, 629, 630, 631, 632, 635, 647, 650, 656, 657, 658, 662, 667, 671, 672, 674, 675, 706, 712, 713, 715, 716, 717, 718, 741, 742, 744, 771, 772, 774, 793, 794, 796, 799, 802, 803, 806, 807, 810, 811, 819, 823, 924, 925, 927, 928, 932, 935, 936, 937, 938, 939, 943, 944, 945, 946, 947, 952, 953, 954, 955, 957, 958, 959, 960, 963, 964, 965, 966, 967, 969, 970, 971, 974, 975, 976, 977, 980, 981, 982, 984, 985, 990, 991, 992, 993, 994, 995, 996, 997, 999, 1000, 1001, 1002, 1003, 1005, 1009, 1010, 1021], "summary": {"covered_lines": 270, "num_statements": 361, "percent_covered": 74.79224376731302, "percent_covered_display": "75", "missing_lines": 91, "excluded_lines": 0, "percent_statements_covered": 74.79224376731302, "percent_statements_covered_display": "75"}, "missing_lines": [204, 205, 206, 207, 354, 355, 358, 359, 363, 370, 371, 372, 401, 402, 403, 404, 405, 406, 407, 462, 463, 685, 686, 687, 688, 689, 690, 691, 692, 693, 694, 695, 696, 697, 698, 699, 843, 844, 846, 847, 850, 851, 852, 853, 854, 855, 857, 858, 859, 860, 861, 862, 865, 866, 867, 869, 870, 871, 874, 881, 882, 883, 884, 885, 886, 887, 888, 891, 892, 893, 898, 899, 900, 901, 903, 904, 906, 907, 909, 911, 929, 930, 940, 941, 948, 949, 986, 987, 1006, 1007, 1019], "excluded_lines": [], "start_line": 35}, "": {"executed_lines": [14, 15, 17, 19, 20, 21, 22, 23, 24, 26, 29, 30, 31, 32, 35, 49, 156, 278, 333, 343, 386, 416, 454, 491, 669, 677, 704, 723, 753, 783, 821, 832, 913, 1027], "summary": {"covered_lines": 34, "num_statements": 76, "percent_covered": 44.73684210526316, "percent_covered_display": "45", "missing_lines": 42, "excluded_lines": 0, "percent_statements_covered": 44.73684210526316, "percent_statements_covered_display": "45"}, "missing_lines": [1028, 1030, 1031, 1032, 1033, 1036, 1037, 1038, 1039, 1040, 1041, 1044, 1045, 1046, 1047, 1048, 1049, 1051, 1052, 1053, 1054, 1055, 1058, 1059, 1060, 1061, 1062, 1065, 1066, 1067, 1068, 1069, 1070, 1071, 1077, 1078, 1079, 1080, 1081, 1083, 1084, 1085], "excluded_lines": [], "start_line": 1}}}, "src/agents/harvester_agent.py": {"executed_lines": [24, 25, 26, 28, 30, 31, 32, 34, 39, 40, 41, 42, 43, 44, 45, 46, 47, 48, 49, 52, 53, 54, 55, 56, 57, 60, 61, 62, 63, 64, 65, 66, 67, 68, 69, 70, 73, 103, 125, 126, 127, 128, 129, 130, 131, 132, 133, 134, 135, 138, 139, 140, 141, 142, 143, 146, 161, 162, 165, 168, 176, 177, 179, 216, 222, 225, 226, 229, 233, 234, 239, 243, 245, 270, 322, 345, 354, 355, 356, 361, 362, 367, 369, 371, 372, 375, 379, 380, 385, 400, 401, 402, 403, 404, 405, 406, 408, 410, 411, 412, 413, 415, 417, 418, 425, 426, 428, 430, 431, 432, 433, 434, 442, 444, 446, 447, 455, 457, 459, 460, 461, 462, 463, 464, 470, 471, 473, 477, 478, 479, 480, 481, 488, 491, 493, 495, 498, 500, 513, 514, 515, 518, 519, 520, 522, 531, 532, 535, 536, 537, 538, 539, 541, 543, 544, 545, 546, 547, 550, 552, 569, 570, 572, 573, 574, 577, 578, 582, 585, 586, 587, 590, 591, 597, 600, 601, 602, 615, 616, 626, 627, 628, 629, 630, 639, 641, 650, 653, 656, 657, 660, 663, 666, 669, 681, 686, 687, 689, 700, 703, 705, 709, 720, 721, 722, 723, 724, 732, 738, 739, 740, 741, 742, 744, 745, 746, 747, 748, 753, 755, 756, 758, 771, 772, 774, 776, 778, 779, 780, 782, 783, 784, 786, 787, 794, 803, 806, 808, 809, 811, 813, 815, 817, 818, 819, 820, 824, 826, 829, 830, 837, 839, 840, 846, 863, 865, 874, 893, 894, 912, 920, 921, 924, 925, 1023, 1066, 1072, 1073, 1075, 1077, 1093], "summary": {"covered_lines": 271, "num_statements": 443, "percent_covered": 61.17381489841986, "percent_covered_display": "61", "missing_lines": 172, "excluded_lines": 0, "percent_statements_covered": 61.17381489841986, "percent_statements_covered_display": "61"}, "missing_lines": [163, 181, 182, 183, 185, 188, 189, 190, 202, 204, 206, 207, 208, 209, 210, 211, 212, 213, 214, 223, 230, 231, 240, 241, 254, 255, 256, 258, 259, 261, 268, 287, 288, 289, 292, 295, 298, 299, 300, 303, 306, 307, 309, 320, 376, 383, 435, 441, 448, 454, 489, 490, 496, 497, 540, 542, 548, 580, 603, 604, 605, 612, 617, 623, 631, 637, 733, 734, 736, 749, 750, 751, 790, 791, 832, 833, 847, 855, 856, 871, 872, 896, 905, 928, 929, 930, 933, 934, 937, 938, 939, 941, 943, 945, 947, 948, 949, 950, 951, 952, 955, 965, 966, 967, 969, 977, 978, 979, 980, 981, 988, 989, 992, 993, 994, 995, 1002, 1004, 1007, 1010, 1011, 1021, 1035, 1036, 1037, 1038, 1046, 1047, 1055, 1056, 1057, 1058, 1059, 1094, 1095, 1096, 1097, 1099, 1102, 1103, 1104, 1105, 1108, 1109, 1110, 1111, 1112, 1113, 1115, 1116, 1117, 1118, 1121, 1122, 1123, 1125, 1126, 1127, 1130, 1131, 1132, 1133, 1135, 1136, 1137, 1140, 1141, 1142, 1143, 1145, 1146, 1147], "excluded_lines": [], "functions": {"HarvesterAgent.__init__": {"executed_lines": [125, 126, 127, 128, 129, 130, 131, 132, 133, 134, 135, 138, 139, 140, 141, 142, 143, 146, 161, 162, 165, 168, 176, 177], "summary": {"covered_lines": 24, "num_statements": 25, "percent_covered": 96.0, "percent_covered_display": "96", "missing_lines": 1, "excluded_lines": 0, "percent_statements_covered": 96.0, "percent_statements_covered_display": "96"}, "missing_lines": [163], "excluded_lines": [], "start_line": 103}, "HarvesterAgent._load_model": {"executed_lines": [], "summary": {"covered_lines": 0, "num_statements": 15, "percent_covered": 0.0, "percent_covered_display": "0", "missing_lines": 15, "excluded_lines": 0, "percent_statements_covered": 0.0, "percent_statements_covered_display": "0"}, "missing_lines": [181, 182, 183, 185, 188, 202, 206, 207, 208, 209, 210, 211, 212, 213, 214], "excluded_lines": [], "start_line": 179}, "HarvesterAgent._load_model.HarvesterQNet.__init__": {"executed_lines": [], "summary": {"covered_lines": 0, "num_statements": 2, "percent_covered": 0.0, "percent_covered_display": "0", "missing_lines": 2, "excluded_lines": 0, "percent_statements_covered": 0.0, "percent_statements_covered_display": "0"}, "missing_lines": [189, 190], "excluded_lines": [], "start_line": 188}, "HarvesterAgent._load_model.HarvesterQNet.forward": {"executed_lines": [], "summary": {"covered_lines": 0, "num_statements": 1, "percent_covered": 0.0, "percent_covered_display": "0", "missing_lines": 1, "excluded_lines": 0, "percent_statements_covered": 0.0, "percent_statements_covered_display": "0"}, "missing_lines": [204], "excluded_lines": [], "start_line": 202}, "HarvesterAgent._check_emergency_stop_loss": {"executed_lines": [222, 225, 226, 229, 233, 234, 239, 243], "summary": {"covered_lines": 8, "num_statements": 13, "percent_covered": 61.53846153846154, "percent_covered_display": "62", "missing_lines": 5, "excluded_lines": 0, "percent_statements_covered": 61.53846153846154, "percent_statements_covered_display": "62"}, "missing_lines": [223, 230, 231, 240, 241], "excluded_lines": [], "start_line": 216}, "HarvesterAgent._decide_with_ddqn": {"executed_lines": [], "summary": {"covered_lines": 0, "num_statements": 7, "percent_covered": 0.0, "percent_covered_display": "0", "missing_lines": 7, "excluded_lines": 0, "percent_statements_covered": 0.0, "percent_statements_covered_display": "0"}, "missing_lines": [254, 255, 256, 258, 259, 261, 268], "excluded_lines": [], "start_line": 245}, "HarvesterAgent._decide_with_torch": {"executed_lines": [], "summary": {"covered_lines": 0, "num_statements": 13, "percent_covered": 0.0, "percent_covered_display": "0", "missing_lines": 13, "excluded_lines": 0, "percent_statements_covered": 0.0, "percent_statements_covered_display": "0"}, "missing_lines": [287, 288, 289, 292, 295, 298, 299, 300, 303, 306, 307, 309, 320], "excluded_lines": [], "start_line": 270}, "HarvesterAgent.decide": {"executed_lines": [345, 354, 355, 356, 361, 362, 367, 369, 371, 372, 375, 379, 380], "summary": {"covered_lines": 13, "num_statements": 15, "percent_covered": 86.66666666666667, "percent_covered_display": "87", "missing_lines": 2, "excluded_lines": 0, "percent_statements_covered": 86.66666666666667, "percent_statements_covered_display": "87"}, "missing_lines": [376, 383], "excluded_lines": [], "start_line": 322}, "HarvesterAgent._build_full_state": {"executed_lines": [400, 401, 402, 403, 404, 405, 406], "summary": {"covered_lines": 7, "num_statements": 7, "percent_covered": 100.0, "percent_covered_display": "100", "missing_lines": 0, "excluded_lines": 0, "percent_statements_covered": 100.0, "percent_statements_covered_display": "100"}, "missing_lines": [], "excluded_lines": [], "start_line": 385}, "HarvesterAgent._check_stop_loss": {"executed_lines": [410, 411, 412, 413], "summary": {"covered_lines": 4, "num_statements": 4, "percent_covered": 100.0, "percent_covered_display": "100", "missing_lines": 0, "excluded_lines": 0, "percent_statements_covered": 100.0, "percent_statements_covered_display": "100"}, "missing_lines": [], "excluded_lines": [], "start_line": 408}, "HarvesterAgent._check_profit_target": {"executed_lines": [417, 418, 425, 426], "summary": {"covered_lines": 4, "num_statements": 4, "percent_covered": 100.0, "percent_covered_display": "100", "missing_lines": 0, "excluded_lines": 0, "percent_statements_covered": 100.0, "percent_statements_covered_display": "100"}, "missing_lines": [], "excluded_lines": [], "start_line": 415}, "HarvesterAgent._check_trailing_stop": {"executed_lines": [430, 431, 432, 433, 434, 442], "summary": {"covered_lines": 6, "num_statements": 8, "percent_covered": 75.0, "percent_covered_display": "75", "missing_lines": 2, "excluded_lines": 0, "percent_statements_covered": 75.0, "percent_statements_covered_display": "75"}, "missing_lines": [435, 441], "excluded_lines": [], "start_line": 428}, "HarvesterAgent._check_breakeven_stop": {"executed_lines": [446, 447, 455], "summary": {"covered_lines": 3, "num_statements": 5, "percent_covered": 60.0, "percent_covered_display": "60", "missing_lines": 2, "excluded_lines": 0, "percent_statements_covered": 60.0, "percent_statements_covered_display": "60"}, "missing_lines": [448, 454], "excluded_lines": [], "start_line": 444}, "HarvesterAgent._check_capture_decay": {"executed_lines": [459, 460, 461, 462, 463, 464, 470, 471], "summary": {"covered_lines": 8, "num_statements": 8, "percent_covered": 100.0, "percent_covered_display": "100", "missing_lines": 0, "excluded_lines": 0, "percent_statements_covered": 100.0, "percent_statements_covered_display": "100"}, "missing_lines": [], "excluded_lines": [], "start_line": 457}, "HarvesterAgent._check_soft_time_stop": {"executed_lines": [477, 478, 479, 480, 481, 488, 491], "summary": {"covered_lines": 7, "num_statements": 9, "percent_covered": 77.77777777777777, "percent_covered_display": "78", "missing_lines": 2, "excluded_lines": 0, "percent_statements_covered": 77.77777777777777, "percent_statements_covered_display": "78"}, "missing_lines": [489, 490], "excluded_lines": [], "start_line": 473}, "HarvesterAgent._check_hard_time_stop": {"executed_lines": [495, 498], "summary": {"covered_lines": 2, "num_statements": 4, "percent_covered": 50.0, "percent_covered_display": "50", "missing_lines": 2, "excluded_lines": 0, "percent_statements_covered": 50.0, "percent_statements_covered_display": "50"}, "missing_lines": [496, 497], "excluded_lines": [], "start_line": 493}, "HarvesterAgent._fallback_strategy": {"executed_lines": [513, 514, 515, 518, 519, 520, 522, 531, 532, 535, 536, 537, 538, 539, 541, 543, 544, 545, 546, 547, 550], "summary": {"covered_lines": 21, "num_statements": 24, "percent_covered": 87.5, "percent_covered_display": "88", "missing_lines": 3, "excluded_lines": 0, "percent_statements_covered": 87.5, "percent_statements_covered_display": "88"}, "missing_lines": [540, 542, 548], "excluded_lines": [], "start_line": 500}, "HarvesterAgent.quick_exit_check": {"executed_lines": [569, 570, 572, 573, 574, 577, 578, 582, 585, 586, 587, 590, 591, 597, 600, 601, 602, 615, 616, 626, 627, 628, 629, 630, 639], "summary": {"covered_lines": 25, "num_statements": 34, "percent_covered": 73.52941176470588, "percent_covered_display": "74", "missing_lines": 9, "excluded_lines": 0, "percent_statements_covered": 73.52941176470588, "percent_statements_covered_display": "74"}, "missing_lines": [580, 603, 604, 605, 612, 617, 623, 631, 637], "excluded_lines": [], "start_line": 552}, "HarvesterAgent._init_exit_thresholds": {"executed_lines": [650, 653, 656, 657, 660, 663, 666, 669], "summary": {"covered_lines": 8, "num_statements": 8, "percent_covered": 100.0, "percent_covered_display": "100", "missing_lines": 0, "excluded_lines": 0, "percent_statements_covered": 100.0, "percent_statements_covered_display": "100"}, "missing_lines": [], "excluded_lines": [], "start_line": 641}, "HarvesterAgent._get_timeframe_scale": {"executed_lines": [686, 687], "summary": {"covered_lines": 2, "num_statements": 2, "percent_covered": 100.0, "percent_covered_display": "100", "missing_lines": 0, "excluded_lines": 0, "percent_statements_covered": 100.0, "percent_statements_covered_display": "100"}, "missing_lines": [], "excluded_lines": [], "start_line": 681}, "HarvesterAgent.get_friction_cost_pct": {"executed_lines": [700, 703, 705, 709, 720, 721, 722, 723, 724, 732], "summary": {"covered_lines": 10, "num_statements": 13, "percent_covered": 76.92307692307692, "percent_covered_display": "77", "missing_lines": 3, "excluded_lines": 0, "percent_statements_covered": 76.92307692307692, "percent_statements_covered_display": "77"}, "missing_lines": [733, 734, 736], "excluded_lines": [], "start_line": 689}, "HarvesterAgent._ensure_param_manager": {"executed_lines": [739, 740, 741, 742], "summary": {"covered_lines": 4, "num_statements": 4, "percent_covered": 100.0, "percent_covered_display": "100", "missing_lines": 0, "excluded_lines": 0, "percent_statements_covered": 100.0, "percent_statements_covered_display": "100"}, "missing_lines": [], "excluded_lines": [], "start_line": 738}, "HarvesterAgent._get_param": {"executed_lines": [745, 746, 747, 748], "summary": {"covered_lines": 4, "num_statements": 7, "percent_covered": 57.142857142857146, "percent_covered_display": "57", "missing_lines": 3, "excluded_lines": 0, "percent_statements_covered": 57.142857142857146, "percent_statements_covered_display": "57"}, "missing_lines": [749, 750, 751], "excluded_lines": [], "start_line": 744}, "HarvesterAgent._softmax": {"executed_lines": [755, 756], "summary": {"covered_lines": 2, "num_statements": 2, "percent_covered": 100.0, "percent_covered_display": "100", "missing_lines": 0, "excluded_lines": 0, "percent_statements_covered": 100.0, "percent_statements_covered_display": "100"}, "missing_lines": [], "excluded_lines": [], "start_line": 753}, "HarvesterAgent.update_from_trade": {"executed_lines": [771, 772, 774, 776, 778, 779, 780, 782, 783, 784, 786, 787, 794, 803, 806, 808, 809, 811, 813, 815, 817, 818, 819, 820, 824, 826, 829, 830, 837, 839, 840, 846, 863, 865], "summary": {"covered_lines": 34, "num_statements": 43, "percent_covered": 79.06976744186046, "percent_covered_display": "79", "missing_lines": 9, "excluded_lines": 0, "percent_statements_covered": 79.06976744186046, "percent_statements_covered_display": "79"}, "missing_lines": [790, 791, 832, 833, 847, 855, 856, 871, 872], "excluded_lines": [], "start_line": 758}, "HarvesterAgent.add_experience": {"executed_lines": [893, 894], "summary": {"covered_lines": 2, "num_statements": 4, "percent_covered": 50.0, "percent_covered_display": "50", "missing_lines": 2, "excluded_lines": 0, "percent_statements_covered": 50.0, "percent_statements_covered_display": "50"}, "missing_lines": [896, 905], "excluded_lines": [], "start_line": 874}, "HarvesterAgent.train_step": {"executed_lines": [920, 921, 924, 925], "summary": {"covered_lines": 4, "num_statements": 43, "percent_covered": 9.30232558139535, "percent_covered_display": "9", "missing_lines": 39, "excluded_lines": 0, "percent_statements_covered": 9.30232558139535, "percent_statements_covered_display": "9"}, "missing_lines": [928, 929, 930, 933, 934, 937, 938, 939, 941, 943, 945, 947, 948, 949, 950, 951, 952, 955, 965, 966, 967, 969, 977, 978, 979, 980, 981, 988, 989, 992, 993, 994, 995, 1002, 1004, 1007, 1010, 1011, 1021], "excluded_lines": [], "start_line": 912}, "HarvesterAgent._train_step_torch": {"executed_lines": [], "summary": {"covered_lines": 0, "num_statements": 11, "percent_covered": 0.0, "percent_covered_display": "0", "missing_lines": 11, "excluded_lines": 0, "percent_statements_covered": 0.0, "percent_statements_covered_display": "0"}, "missing_lines": [1035, 1036, 1037, 1038, 1046, 1047, 1055, 1056, 1057, 1058, 1059], "excluded_lines": [], "start_line": 1023}, "HarvesterAgent.get_training_stats": {"executed_lines": [1072, 1073, 1075, 1077], "summary": {"covered_lines": 4, "num_statements": 4, "percent_covered": 100.0, "percent_covered_display": "100", "missing_lines": 0, "excluded_lines": 0, "percent_statements_covered": 100.0, "percent_statements_covered_display": "100"}, "missing_lines": [], "excluded_lines": [], "start_line": 1066}, "": {"executed_lines": [24, 25, 26, 28, 30, 31, 32, 34, 39, 40, 41, 42, 43, 44, 45, 46, 47, 48, 49, 52, 53, 54, 55, 56, 57, 60, 61, 62, 63, 64, 65, 66, 67, 68, 69, 70, 73, 103, 179, 216, 245, 270, 322, 385, 408, 415, 428, 444, 457, 473, 493, 500, 552, 641, 681, 689, 738, 744, 753, 758, 874, 912, 1023, 1066, 1093], "summary": {"covered_lines": 65, "num_statements": 104, "percent_covered": 62.5, "percent_covered_display": "62", "missing_lines": 39, "excluded_lines": 0, "percent_statements_covered": 62.5, "percent_statements_covered_display": "62"}, "missing_lines": [1094, 1095, 1096, 1097, 1099, 1102, 1103, 1104, 1105, 1108, 1109, 1110, 1111, 1112, 1113, 1115, 1116, 1117, 1118, 1121, 1122, 1123, 1125, 1126, 1127, 1130, 1131, 1132, 1133, 1135, 1136, 1137, 1140, 1141, 1142, 1143, 1145, 1146, 1147], "excluded_lines": [], "start_line": 1}}, "classes": {"HarvesterAgent": {"executed_lines": [125, 126, 127, 128, 129, 130, 131, 132, 133, 134, 135, 138, 139, 140, 141, 142, 143, 146, 161, 162, 165, 168, 176, 177, 222, 225, 226, 229, 233, 234, 239, 243, 345, 354, 355, 356, 361, 362, 367, 369, 371, 372, 375, 379, 380, 400, 401, 402, 403, 404, 405, 406, 410, 411, 412, 413, 417, 418, 425, 426, 430, 431, 432, 433, 434, 442, 446, 447, 455, 459, 460, 461, 462, 463, 464, 470, 471, 477, 478, 479, 480, 481, 488, 491, 495, 498, 513, 514, 515, 518, 519, 520, 522, 531, 532, 535, 536, 537, 538, 539, 541, 543, 544, 545, 546, 547, 550, 569, 570, 572, 573, 574, 577, 578, 582, 585, 586, 587, 590, 591, 597, 600, 601, 602, 615, 616, 626, 627, 628, 629, 630, 639, 650, 653, 656, 657, 660, 663, 666, 669, 686, 687, 700, 703, 705, 709, 720, 721, 722, 723, 724, 732, 739, 740, 741, 742, 745, 746, 747, 748, 755, 756, 771, 772, 774, 776, 778, 779, 780, 782, 783, 784, 786, 787, 794, 803, 806, 808, 809, 811, 813, 815, 817, 818, 819, 820, 824, 826, 829, 830, 837, 839, 840, 846, 863, 865, 893, 894, 920, 921, 924, 925, 1072, 1073, 1075, 1077], "summary": {"covered_lines": 206, "num_statements": 336, "percent_covered": 61.30952380952381, "percent_covered_display": "61", "missing_lines": 130, "excluded_lines": 0, "percent_statements_covered": 61.30952380952381, "percent_statements_covered_display": "61"}, "missing_lines": [163, 181, 182, 183, 185, 188, 202, 206, 207, 208, 209, 210, 211, 212, 213, 214, 223, 230, 231, 240, 241, 254, 255, 256, 258, 259, 261, 268, 287, 288, 289, 292, 295, 298, 299, 300, 303, 306, 307, 309, 320, 376, 383, 435, 441, 448, 454, 489, 490, 496, 497, 540, 542, 548, 580, 603, 604, 605, 612, 617, 623, 631, 637, 733, 734, 736, 749, 750, 751, 790, 791, 832, 833, 847, 855, 856, 871, 872, 896, 905, 928, 929, 930, 933, 934, 937, 938, 939, 941, 943, 945, 947, 948, 949, 950, 951, 952, 955, 965, 966, 967, 969, 977, 978, 979, 980, 981, 988, 989, 992, 993, 994, 995, 1002, 1004, 1007, 1010, 1011, 1021, 1035, 1036, 1037, 1038, 1046, 1047, 1055, 1056, 1057, 1058, 1059], "excluded_lines": [], "start_line": 73}, "HarvesterAgent._load_model.HarvesterQNet": {"executed_lines": [], "summary": {"covered_lines": 0, "num_statements": 3, "percent_covered": 0.0, "percent_covered_display": "0", "missing_lines": 3, "excluded_lines": 0, "percent_statements_covered": 0.0, "percent_statements_covered_display": "0"}, "missing_lines": [189, 190, 204], "excluded_lines": [], "start_line": 185}, "": {"executed_lines": [24, 25, 26, 28, 30, 31, 32, 34, 39, 40, 41, 42, 43, 44, 45, 46, 47, 48, 49, 52, 53, 54, 55, 56, 57, 60, 61, 62, 63, 64, 65, 66, 67, 68, 69, 70, 73, 103, 179, 216, 245, 270, 322, 385, 408, 415, 428, 444, 457, 473, 493, 500, 552, 641, 681, 689, 738, 744, 753, 758, 874, 912, 1023, 1066, 1093], "summary": {"covered_lines": 65, "num_statements": 104, "percent_covered": 62.5, "percent_covered_display": "62", "missing_lines": 39, "excluded_lines": 0, "percent_statements_covered": 62.5, "percent_statements_covered_display": "62"}, "missing_lines": [1094, 1095, 1096, 1097, 1099, 1102, 1103, 1104, 1105, 1108, 1109, 1110, 1111, 1112, 1113, 1115, 1116, 1117, 1118, 1121, 1122, 1123, 1125, 1126, 1127, 1130, 1131, 1132, 1133, 1135, 1136, 1137, 1140, 1141, 1142, 1143, 1145, 1146, 1147], "excluded_lines": [], "start_line": 1}}}, "src/agents/trigger_agent.py": {"executed_lines": [24, 25, 26, 27, 29, 31, 32, 33, 35, 38, 39, 40, 41, 42, 43, 44, 45, 46, 47, 48, 49, 50, 53, 79, 99, 100, 101, 102, 103, 104, 105, 106, 107, 108, 111, 112, 115, 116, 117, 118, 119, 120, 121, 126, 127, 128, 129, 130, 131, 132, 136, 152, 153, 154, 159, 160, 161, 164, 167, 172, 173, 174, 178, 179, 182, 184, 185, 186, 187, 190, 191, 192, 194, 195, 196, 197, 198, 201, 211, 248, 277, 280, 281, 282, 286, 288, 290, 291, 297, 298, 299, 300, 301, 317, 318, 323, 325, 327, 354, 355, 356, 359, 360, 363, 371, 372, 437, 439, 441, 459, 462, 463, 466, 467, 468, 469, 470, 471, 474, 475, 476, 481, 482, 485, 486, 488, 489, 491, 495, 496, 497, 499, 500, 503, 504, 505, 508, 509, 510, 513, 514, 515, 516, 518, 519, 521, 522, 524, 526, 527, 529, 531, 532, 534, 548, 549, 550, 551, 553, 556, 557, 559, 561, 571, 572, 575, 579, 582, 583, 585, 593, 607, 608, 609, 610, 612, 614, 628, 629, 630, 631, 640, 641, 644, 651, 709, 728, 729, 747, 755, 756, 759, 760, 855, 899, 905, 906, 908, 910, 926], "summary": {"covered_lines": 200, "num_statements": 368, "percent_covered": 54.34782608695652, "percent_covered_display": "54", "missing_lines": 168, "excluded_lines": 0, "percent_statements_covered": 54.34782608695652, "percent_statements_covered_display": "54"}, "missing_lines": [180, 188, 189, 202, 203, 209, 213, 214, 215, 217, 220, 221, 222, 234, 236, 238, 239, 240, 241, 242, 243, 244, 245, 246, 304, 305, 306, 311, 312, 313, 314, 329, 330, 331, 334, 335, 338, 339, 342, 343, 345, 364, 369, 375, 376, 377, 380, 383, 384, 388, 392, 393, 398, 403, 406, 407, 415, 418, 419, 420, 422, 434, 435, 460, 647, 648, 652, 653, 654, 656, 657, 659, 662, 664, 671, 676, 689, 691, 699, 700, 706, 707, 731, 740, 763, 764, 765, 767, 768, 771, 772, 773, 775, 777, 779, 780, 781, 782, 783, 784, 787, 797, 798, 799, 801, 809, 810, 812, 813, 814, 821, 823, 826, 827, 828, 829, 836, 838, 841, 842, 843, 853, 868, 869, 870, 871, 879, 880, 888, 889, 890, 891, 892, 927, 928, 929, 930, 932, 935, 936, 937, 938, 941, 942, 943, 944, 945, 946, 947, 948, 951, 952, 953, 954, 956, 957, 958, 961, 962, 963, 966, 967, 968, 969, 970, 972, 973, 974], "excluded_lines": [], "functions": {"TriggerAgent.__init__": {"executed_lines": [99, 100, 101, 102, 103, 104, 105, 106, 107, 108, 111, 112, 115, 116, 117, 118, 119, 120, 121, 126, 127, 128, 129, 130, 131, 132, 136, 152, 153, 154, 159, 160, 161, 164, 167, 172, 173, 174, 178, 179], "summary": {"covered_lines": 40, "num_statements": 41, "percent_covered": 97.5609756097561, "percent_covered_display": "98", "missing_lines": 1, "excluded_lines": 0, "percent_statements_covered": 97.5609756097561, "percent_statements_covered_display": "98"}, "missing_lines": [180], "excluded_lines": [], "start_line": 79}, "TriggerAgent._resolve_gate_value": {"executed_lines": [184, 185, 186, 187, 190, 191, 192], "summary": {"covered_lines": 7, "num_statements": 9, "percent_covered": 77.77777777777777, "percent_covered_display": "78", "missing_lines": 2, "excluded_lines": 0, "percent_statements_covered": 77.77777777777777, "percent_statements_covered_display": "78"}, "missing_lines": [188, 189], "excluded_lines": [], "start_line": 182}, "TriggerAgent._get_param": {"executed_lines": [195, 196, 197, 198, 201], "summary": {"covered_lines": 5, "num_statements": 8, "percent_covered": 62.5, "percent_covered_display": "62", "missing_lines": 3, "excluded_lines": 0, "percent_statements_covered": 62.5, "percent_statements_covered_display": "62"}, "missing_lines": [202, 203, 209], "excluded_lines": [], "start_line": 194}, "TriggerAgent._load_model": {"executed_lines": [], "summary": {"covered_lines": 0, "num_statements": 15, "percent_covered": 0.0, "percent_covered_display": "0", "missing_lines": 15, "excluded_lines": 0, "percent_statements_covered": 0.0, "percent_statements_covered_display": "0"}, "missing_lines": [213, 214, 215, 217, 220, 234, 238, 239, 240, 241, 242, 243, 244, 245, 246], "excluded_lines": [], "start_line": 211}, "TriggerAgent._load_model.TriggerQNet.__init__": {"executed_lines": [], "summary": {"covered_lines": 0, "num_statements": 2, "percent_covered": 0.0, "percent_covered_display": "0", "missing_lines": 2, "excluded_lines": 0, "percent_statements_covered": 0.0, "percent_statements_covered_display": "0"}, "missing_lines": [221, 222], "excluded_lines": [], "start_line": 220}, "TriggerAgent._load_model.TriggerQNet.forward": {"executed_lines": [], "summary": {"covered_lines": 0, "num_statements": 1, "percent_covered": 0.0, "percent_covered_display": "0", "missing_lines": 1, "excluded_lines": 0, "percent_statements_covered": 0.0, "percent_statements_covered_display": "0"}, "missing_lines": [236], "excluded_lines": [], "start_line": 234}, "TriggerAgent.decide": {"executed_lines": [277, 280, 281, 282, 286, 288, 290, 291, 297, 298, 299, 300, 301, 317, 318, 323, 325, 327, 354, 355, 356, 359, 360, 363, 371, 372], "summary": {"covered_lines": 26, "num_statements": 65, "percent_covered": 40.0, "percent_covered_display": "40", "missing_lines": 39, "excluded_lines": 0, "percent_statements_covered": 40.0, "percent_statements_covered_display": "40"}, "missing_lines": [304, 305, 306, 311, 312, 313, 314, 329, 330, 331, 334, 335, 338, 339, 342, 343, 345, 364, 369, 375, 376, 377, 380, 383, 384, 388, 392, 393, 398, 403, 406, 407, 415, 418, 419, 420, 422, 434, 435], "excluded_lines": [], "start_line": 248}, "TriggerAgent._decay_epsilon": {"executed_lines": [439], "summary": {"covered_lines": 1, "num_statements": 1, "percent_covered": 100.0, "percent_covered_display": "100", "missing_lines": 0, "excluded_lines": 0, "percent_statements_covered": 100.0, "percent_statements_covered_display": "100"}, "missing_lines": [], "excluded_lines": [], "start_line": 437}, "TriggerAgent._fallback_decide": {"executed_lines": [459, 462, 463, 466, 467, 468, 469, 470, 471, 474, 475, 476, 481, 482, 485, 486, 488, 489, 491, 495, 496, 497, 499, 500, 503, 504, 505, 508, 509, 510, 513, 514, 515, 516, 518, 519, 521, 522], "summary": {"covered_lines": 38, "num_statements": 39, "percent_covered": 97.43589743589743, "percent_covered_display": "97", "missing_lines": 1, "excluded_lines": 0, "percent_statements_covered": 97.43589743589743, "percent_statements_covered_display": "97"}, "missing_lines": [460], "excluded_lines": [], "start_line": 441}, "TriggerAgent._fallback_strategy": {"executed_lines": [526, 527], "summary": {"covered_lines": 2, "num_statements": 2, "percent_covered": 100.0, "percent_covered_display": "100", "missing_lines": 0, "excluded_lines": 0, "percent_statements_covered": 100.0, "percent_statements_covered_display": "100"}, "missing_lines": [], "excluded_lines": [], "start_line": 524}, "TriggerAgent._softmax": {"executed_lines": [531, 532], "summary": {"covered_lines": 2, "num_statements": 2, "percent_covered": 100.0, "percent_covered_display": "100", "missing_lines": 0, "excluded_lines": 0, "percent_statements_covered": 100.0, "percent_statements_covered_display": "100"}, "missing_lines": [], "excluded_lines": [], "start_line": 529}, "TriggerAgent._platt_calibrate": {"executed_lines": [548, 549, 550, 551, 553, 556, 557, 559], "summary": {"covered_lines": 8, "num_statements": 8, "percent_covered": 100.0, "percent_covered_display": "100", "missing_lines": 0, "excluded_lines": 0, "percent_statements_covered": 100.0, "percent_statements_covered_display": "100"}, "missing_lines": [], "excluded_lines": [], "start_line": 534}, "TriggerAgent.update_platt_params": {"executed_lines": [571, 572, 575, 579, 582, 583, 585], "summary": {"covered_lines": 7, "num_statements": 7, "percent_covered": 100.0, "percent_covered_display": "100", "missing_lines": 0, "excluded_lines": 0, "percent_statements_covered": 100.0, "percent_statements_covered_display": "100"}, "missing_lines": [], "excluded_lines": [], "start_line": 561}, "TriggerAgent._q_to_runway": {"executed_lines": [607, 608, 609, 610, 612], "summary": {"covered_lines": 5, "num_statements": 5, "percent_covered": 100.0, "percent_covered_display": "100", "missing_lines": 0, "excluded_lines": 0, "percent_statements_covered": 100.0, "percent_statements_covered_display": "100"}, "missing_lines": [], "excluded_lines": [], "start_line": 593}, "TriggerAgent.update_from_trade": {"executed_lines": [628, 629, 630, 631, 640, 641, 644, 651], "summary": {"covered_lines": 8, "num_statements": 26, "percent_covered": 30.76923076923077, "percent_covered_display": "31", "missing_lines": 18, "excluded_lines": 0, "percent_statements_covered": 30.76923076923077, "percent_statements_covered_display": "31"}, "missing_lines": [647, 648, 652, 653, 654, 656, 657, 659, 662, 664, 671, 676, 689, 691, 699, 700, 706, 707], "excluded_lines": [], "start_line": 614}, "TriggerAgent.add_experience": {"executed_lines": [728, 729], "summary": {"covered_lines": 2, "num_statements": 4, "percent_covered": 50.0, "percent_covered_display": "50", "missing_lines": 2, "excluded_lines": 0, "percent_statements_covered": 50.0, "percent_statements_covered_display": "50"}, "missing_lines": [731, 740], "excluded_lines": [], "start_line": 709}, "TriggerAgent.train_step": {"executed_lines": [755, 756, 759, 760], "summary": {"covered_lines": 4, "num_statements": 42, "percent_covered": 9.523809523809524, "percent_covered_display": "10", "missing_lines": 38, "excluded_lines": 0, "percent_statements_covered": 9.523809523809524, "percent_statements_covered_display": "10"}, "missing_lines": [763, 764, 765, 767, 768, 771, 772, 773, 775, 777, 779, 780, 781, 782, 783, 784, 787, 797, 798, 799, 801, 809, 810, 812, 813, 814, 821, 823, 826, 827, 828, 829, 836, 838, 841, 842, 843, 853], "excluded_lines": [], "start_line": 747}, "TriggerAgent._train_step_torch": {"executed_lines": [], "summary": {"covered_lines": 0, "num_statements": 11, "percent_covered": 0.0, "percent_covered_display": "0", "missing_lines": 11, "excluded_lines": 0, "percent_statements_covered": 0.0, "percent_statements_covered_display": "0"}, "missing_lines": [868, 869, 870, 871, 879, 880, 888, 889, 890, 891, 892], "excluded_lines": [], "start_line": 855}, "TriggerAgent.get_training_stats": {"executed_lines": [905, 906, 908, 910], "summary": {"covered_lines": 4, "num_statements": 4, "percent_covered": 100.0, "percent_covered_display": "100", "missing_lines": 0, "excluded_lines": 0, "percent_statements_covered": 100.0, "percent_statements_covered_display": "100"}, "missing_lines": [], "excluded_lines": [], "start_line": 899}, "": {"executed_lines": [24, 25, 26, 27, 29, 31, 32, 33, 35, 38, 39, 40, 41, 42, 43, 44, 45, 46, 47, 48, 49, 50, 53, 79, 182, 194, 211, 248, 437, 441, 524, 529, 534, 561, 593, 614, 709, 747, 855, 899, 926], "summary": {"covered_lines": 41, "num_statements": 76, "percent_covered": 53.94736842105263, "percent_covered_display": "54", "missing_lines": 35, "excluded_lines": 0, "percent_statements_covered": 53.94736842105263, "percent_statements_covered_display": "54"}, "missing_lines": [927, 928, 929, 930, 932, 935, 936, 937, 938, 941, 942, 943, 944, 945, 946, 947, 948, 951, 952, 953, 954, 956, 957, 958, 961, 962, 963, 966, 967, 968, 969, 970, 972, 973, 974], "excluded_lines": [], "start_line": 1}}, "classes": {"TriggerAgent": {"executed_lines": [99, 100, 101, 102, 103, 104, 105, 106, 107, 108, 111, 112, 115, 116, 117, 118, 119, 120, 121, 126, 127, 128, 129, 130, 131, 132, 136, 152, 153, 154, 159, 160, 161, 164, 167, 172, 173, 174, 178, 179, 184, 185, 186, 187, 190, 191, 192, 195, 196, 197, 198, 201, 277, 280, 281, 282, 286, 288, 290, 291, 297, 298, 299, 300, 301, 317, 318, 323, 325, 327, 354, 355, 356, 359, 360, 363, 371, 372, 439, 459, 462, 463, 466, 467, 468, 469, 470, 471, 474, 475, 476, 481, 482, 485, 486, 488, 489, 491, 495, 496, 497, 499, 500, 503, 504, 505, 508, 509, 510, 513, 514, 515, 516, 518, 519, 521, 522, 526, 527, 531, 532, 548, 549, 550, 551, 553, 556, 557, 559, 571, 572, 575, 579, 582, 583, 585, 607, 608, 609, 610, 612, 628, 629, 630, 631, 640, 641, 644, 651, 728, 729, 755, 756, 759, 760, 905, 906, 908, 910], "summary": {"covered_lines": 159, "num_statements": 289, "percent_covered": 55.017301038062286, "percent_covered_display": "55", "missing_lines": 130, "excluded_lines": 0, "percent_statements_covered": 55.017301038062286, "percent_statements_covered_display": "55"}, "missing_lines": [180, 188, 189, 202, 203, 209, 213, 214, 215, 217, 220, 234, 238, 239, 240, 241, 242, 243, 244, 245, 246, 304, 305, 306, 311, 312, 313, 314, 329, 330, 331, 334, 335, 338, 339, 342, 343, 345, 364, 369, 375, 376, 377, 380, 383, 384, 388, 392, 393, 398, 403, 406, 407, 415, 418, 419, 420, 422, 434, 435, 460, 647, 648, 652, 653, 654, 656, 657, 659, 662, 664, 671, 676, 689, 691, 699, 700, 706, 707, 731, 740, 763, 764, 765, 767, 768, 771, 772, 773, 775, 777, 779, 780, 781, 782, 783, 784, 787, 797, 798, 799, 801, 809, 810, 812, 813, 814, 821, 823, 826, 827, 828, 829, 836, 838, 841, 842, 843, 853, 868, 869, 870, 871, 879, 880, 888, 889, 890, 891, 892], "excluded_lines": [], "start_line": 53}, "TriggerAgent._load_model.TriggerQNet": {"executed_lines": [], "summary": {"covered_lines": 0, "num_statements": 3, "percent_covered": 0.0, "percent_covered_display": "0", "missing_lines": 3, "excluded_lines": 0, "percent_statements_covered": 0.0, "percent_statements_covered_display": "0"}, "missing_lines": [221, 222, 236], "excluded_lines": [], "start_line": 217}, "": {"executed_lines": [24, 25, 26, 27, 29, 31, 32, 33, 35, 38, 39, 40, 41, 42, 43, 44, 45, 46, 47, 48, 49, 50, 53, 79, 182, 194, 211, 248, 437, 441, 524, 529, 534, 561, 593, 614, 709, 747, 855, 899, 926], "summary": {"covered_lines": 41, "num_statements": 76, "percent_covered": 53.94736842105263, "percent_covered_display": "54", "missing_lines": 35, "excluded_lines": 0, "percent_statements_covered": 53.94736842105263, "percent_statements_covered_display": "54"}, "missing_lines": [927, 928, 929, 930, 932, 935, 936, 937, 938, 941, 942, 943, 944, 945, 946, 947, 948, 951, 952, 953, 954, 956, 957, 958, 961, 962, 963, 966, 967, 968, 969, 970, 972, 973, 974], "excluded_lines": [], "start_line": 1}}}, "src/core/__init__.py": {"executed_lines": [], "summary": {"covered_lines": 0, "num_statements": 0, "percent_covered": 100.0, "percent_covered_display": "100", "missing_lines": 0, "excluded_lines": 0, "percent_statements_covered": 100.0, "percent_statements_covered_display": "100"}, "missing_lines": [], "excluded_lines": [], "functions": {"": {"executed_lines": [], "summary": {"covered_lines": 0, "num_statements": 0, "percent_covered": 100.0, "percent_covered_display": "100", "missing_lines": 0, "excluded_lines": 0, "percent_statements_covered": 100.0, "percent_statements_covered_display": "100"}, "missing_lines": [], "excluded_lines": [], "start_line": 1}}, "classes": {"": {"executed_lines": [], "summary": {"covered_lines": 0, "num_statements": 0, "percent_covered": 100.0, "percent_covered_display": "100", "missing_lines": 0, "excluded_lines": 0, "percent_statements_covered": 100.0, "percent_statements_covered_display": "100"}, "missing_lines": [], "excluded_lines": [], "start_line": 1}}}, "src/core/adaptive_regularization.py": {"executed_lines": [9, 11, 13, 16, 24, 42, 43, 44, 45, 46, 48, 50, 60, 62, 63, 65, 66, 68, 70, 78, 80, 81, 83, 84, 86, 88, 96, 107, 108, 109, 110, 113, 120, 122, 130, 131, 132, 133, 135, 136], "summary": {"covered_lines": 40, "num_statements": 40, "percent_covered": 100.0, "percent_covered_display": "100", "missing_lines": 0, "excluded_lines": 0, "percent_statements_covered": 100.0, "percent_statements_covered_display": "100"}, "missing_lines": [], "excluded_lines": [], "functions": {"AdaptiveRegularization.__init__": {"executed_lines": [42, 43, 44, 45, 46, 48, 50], "summary": {"covered_lines": 7, "num_statements": 7, "percent_covered": 100.0, "percent_covered_display": "100", "missing_lines": 0, "excluded_lines": 0, "percent_statements_covered": 100.0, "percent_statements_covered_display": "100"}, "missing_lines": [], "excluded_lines": [], "start_line": 24}, "AdaptiveRegularization.increase_regularization": {"executed_lines": [62, 63, 65, 66, 68, 70], "summary": {"covered_lines": 6, "num_statements": 6, "percent_covered": 100.0, "percent_covered_display": "100", "missing_lines": 0, "excluded_lines": 0, "percent_statements_covered": 100.0, "percent_statements_covered_display": "100"}, "missing_lines": [], "excluded_lines": [], "start_line": 60}, "AdaptiveRegularization.decrease_regularization": {"executed_lines": [80, 81, 83, 84, 86, 88], "summary": {"covered_lines": 6, "num_statements": 6, "percent_covered": 100.0, "percent_covered_display": "100", "missing_lines": 0, "excluded_lines": 0, "percent_statements_covered": 100.0, "percent_statements_covered_display": "100"}, "missing_lines": [], "excluded_lines": [], "start_line": 78}, "AdaptiveRegularization.update_from_signal": {"executed_lines": [107, 108, 109, 110], "summary": {"covered_lines": 4, "num_statements": 4, "percent_covered": 100.0, "percent_covered_display": "100", "missing_lines": 0, "excluded_lines": 0, "percent_statements_covered": 100.0, "percent_statements_covered_display": "100"}, "missing_lines": [], "excluded_lines": [], "start_line": 96}, "AdaptiveRegularization.get_current": {"executed_lines": [120], "summary": {"covered_lines": 1, "num_statements": 1, "percent_covered": 100.0, "percent_covered_display": "100", "missing_lines": 0, "excluded_lines": 0, "percent_statements_covered": 100.0, "percent_statements_covered_display": "100"}, "missing_lines": [], "excluded_lines": [], "start_line": 113}, "AdaptiveRegularization.reset": {"executed_lines": [130, 131, 132, 133, 135, 136], "summary": {"covered_lines": 6, "num_statements": 6, "percent_covered": 100.0, "percent_covered_display": "100", "missing_lines": 0, "excluded_lines": 0, "percent_statements_covered": 100.0, "percent_statements_covered_display": "100"}, "missing_lines": [], "excluded_lines": [], "start_line": 122}, "": {"executed_lines": [9, 11, 13, 16, 24, 60, 78, 96, 113, 122], "summary": {"covered_lines": 10, "num_statements": 10, "percent_covered": 100.0, "percent_covered_display": "100", "missing_lines": 0, "excluded_lines": 0, "percent_statements_covered": 100.0, "percent_statements_covered_display": "100"}, "missing_lines": [], "excluded_lines": [], "start_line": 1}}, "classes": {"AdaptiveRegularization": {"executed_lines": [42, 43, 44, 45, 46, 48, 50, 62, 63, 65, 66, 68, 70, 80, 81, 83, 84, 86, 88, 107, 108, 109, 110, 120, 130, 131, 132, 133, 135, 136], "summary": {"covered_lines": 30, "num_statements": 30, "percent_covered": 100.0, "percent_covered_display": "100", "missing_lines": 0, "excluded_lines": 0, "percent_statements_covered": 100.0, "percent_statements_covered_display": "100"}, "missing_lines": [], "excluded_lines": [], "start_line": 16}, "": {"executed_lines": [9, 11, 13, 16, 24, 60, 78, 96, 113, 122], "summary": {"covered_lines": 10, "num_statements": 10, "percent_covered": 100.0, "percent_covered_display": "100", "missing_lines": 0, "excluded_lines": 0, "percent_statements_covered": 100.0, "percent_statements_covered_display": "100"}, "missing_lines": [], "excluded_lines": [], "start_line": 1}}}, "src/core/broker_execution_model.py": {"executed_lines": [17, 18, 19, 20, 22, 24, 27, 30, 33, 34, 37, 38, 41, 42, 43, 44, 45, 46, 47, 50, 74, 96, 97, 98, 99, 100, 101, 102, 104, 114, 138, 139, 140, 143, 146, 147, 150, 151, 154, 157, 160, 161, 163, 166, 170, 172, 188, 198, 200, 201, 202, 203, 204, 205, 207, 209, 233, 241, 243, 244, 251, 253, 255, 265, 267, 268, 269, 270, 271, 272, 273, 274, 282, 308, 332, 361, 386, 404, 422], "summary": {"covered_lines": 79, "num_statements": 137, "percent_covered": 57.66423357664234, "percent_covered_display": "58", "missing_lines": 58, "excluded_lines": 0, "percent_statements_covered": 57.66423357664234, "percent_statements_covered_display": "58"}, "missing_lines": [284, 291, 296, 297, 300, 303, 305, 310, 312, 313, 315, 317, 320, 321, 324, 327, 329, 334, 338, 339, 341, 343, 345, 347, 350, 353, 356, 358, 363, 365, 366, 368, 370, 372, 375, 378, 381, 383, 388, 394, 399, 401, 406, 408, 409, 414, 417, 419, 423, 425, 426, 427, 428, 429, 430, 432, 433, 434], "excluded_lines": [], "functions": {"BrokerExecutionModel.__init__": {"executed_lines": [96, 97, 98, 99, 100, 101, 102, 104], "summary": {"covered_lines": 8, "num_statements": 8, "percent_covered": 100.0, "percent_covered_display": "100", "missing_lines": 0, "excluded_lines": 0, "percent_statements_covered": 100.0, "percent_statements_covered_display": "100"}, "missing_lines": [], "excluded_lines": [], "start_line": 74}, "BrokerExecutionModel.estimate_execution_costs": {"executed_lines": [138, 139, 140, 143, 146, 147, 150, 151, 154, 157, 160, 161, 163, 166, 170, 172, 188], "summary": {"covered_lines": 17, "num_statements": 17, "percent_covered": 100.0, "percent_covered_display": "100", "missing_lines": 0, "excluded_lines": 0, "percent_statements_covered": 100.0, "percent_statements_covered_display": "100"}, "missing_lines": [], "excluded_lines": [], "start_line": 114}, "BrokerExecutionModel._get_regime_multiplier": {"executed_lines": [200, 201, 202, 203, 204, 205, 207], "summary": {"covered_lines": 7, "num_statements": 7, "percent_covered": 100.0, "percent_covered_display": "100", "missing_lines": 0, "excluded_lines": 0, "percent_statements_covered": 100.0, "percent_statements_covered_display": "100"}, "missing_lines": [], "excluded_lines": [], "start_line": 198}, "BrokerExecutionModel.adjust_position_size_for_costs": {"executed_lines": [233, 241, 243, 244, 251], "summary": {"covered_lines": 5, "num_statements": 5, "percent_covered": 100.0, "percent_covered_display": "100", "missing_lines": 0, "excluded_lines": 0, "percent_statements_covered": 100.0, "percent_statements_covered_display": "100"}, "missing_lines": [], "excluded_lines": [], "start_line": 209}, "BrokerExecutionModel.get_state_dict": {"executed_lines": [255], "summary": {"covered_lines": 1, "num_statements": 1, "percent_covered": 100.0, "percent_covered_display": "100", "missing_lines": 0, "excluded_lines": 0, "percent_statements_covered": 100.0, "percent_statements_covered_display": "100"}, "missing_lines": [], "excluded_lines": [], "start_line": 253}, "BrokerExecutionModel.load_state_dict": {"executed_lines": [267, 268, 269, 270, 271, 272, 273, 274], "summary": {"covered_lines": 8, "num_statements": 8, "percent_covered": 100.0, "percent_covered_display": "100", "missing_lines": 0, "excluded_lines": 0, "percent_statements_covered": 100.0, "percent_statements_covered_display": "100"}, "missing_lines": [], "excluded_lines": [], "start_line": 265}, "_test_basic_execution_costs": {"executed_lines": [], "summary": {"covered_lines": 0, "num_statements": 7, "percent_covered": 0.0, "percent_covered_display": "0", "missing_lines": 7, "excluded_lines": 0, "percent_statements_covered": 0.0, "percent_statements_covered_display": "0"}, "missing_lines": [284, 291, 296, 297, 300, 303, 305], "excluded_lines": [], "start_line": 282}, "_test_asymmetric_slippage": {"executed_lines": [], "summary": {"covered_lines": 0, "num_statements": 10, "percent_covered": 0.0, "percent_covered_display": "0", "missing_lines": 10, "excluded_lines": 0, "percent_statements_covered": 0.0, "percent_statements_covered_display": "0"}, "missing_lines": [310, 312, 313, 315, 317, 320, 321, 324, 327, 329], "excluded_lines": [], "start_line": 308}, "_test_regime_impact": {"executed_lines": [], "summary": {"covered_lines": 0, "num_statements": 11, "percent_covered": 0.0, "percent_covered_display": "0", "missing_lines": 11, "excluded_lines": 0, "percent_statements_covered": 0.0, "percent_statements_covered_display": "0"}, "missing_lines": [334, 338, 339, 341, 343, 345, 347, 350, 353, 356, 358], "excluded_lines": [], "start_line": 332}, "_test_size_impact": {"executed_lines": [], "summary": {"covered_lines": 0, "num_statements": 10, "percent_covered": 0.0, "percent_covered_display": "0", "missing_lines": 10, "excluded_lines": 0, "percent_statements_covered": 0.0, "percent_statements_covered_display": "0"}, "missing_lines": [363, 365, 366, 368, 370, 372, 375, 378, 381, 383], "excluded_lines": [], "start_line": 361}, "_test_cost_cap": {"executed_lines": [], "summary": {"covered_lines": 0, "num_statements": 4, "percent_covered": 0.0, "percent_covered_display": "0", "missing_lines": 4, "excluded_lines": 0, "percent_statements_covered": 0.0, "percent_statements_covered_display": "0"}, "missing_lines": [388, 394, 399, 401], "excluded_lines": [], "start_line": 386}, "_test_position_size_adjustment": {"executed_lines": [], "summary": {"covered_lines": 0, "num_statements": 6, "percent_covered": 0.0, "percent_covered_display": "0", "missing_lines": 6, "excluded_lines": 0, "percent_statements_covered": 0.0, "percent_statements_covered_display": "0"}, "missing_lines": [406, 408, 409, 414, 417, 419], "excluded_lines": [], "start_line": 404}, "": {"executed_lines": [17, 18, 19, 20, 22, 24, 27, 30, 33, 34, 37, 38, 41, 42, 43, 44, 45, 46, 47, 50, 74, 114, 198, 209, 253, 265, 282, 308, 332, 361, 386, 404, 422], "summary": {"covered_lines": 33, "num_statements": 43, "percent_covered": 76.74418604651163, "percent_covered_display": "77", "missing_lines": 10, "excluded_lines": 0, "percent_statements_covered": 76.74418604651163, "percent_statements_covered_display": "77"}, "missing_lines": [423, 425, 426, 427, 428, 429, 430, 432, 433, 434], "excluded_lines": [], "start_line": 1}}, "classes": {"OrderSide": {"executed_lines": [], "summary": {"covered_lines": 0, "num_statements": 0, "percent_covered": 100.0, "percent_covered_display": "100", "missing_lines": 0, "excluded_lines": 0, "percent_statements_covered": 100.0, "percent_statements_covered_display": "100"}, "missing_lines": [], "excluded_lines": [], "start_line": 30}, "ExecutionCosts": {"executed_lines": [], "summary": {"covered_lines": 0, "num_statements": 0, "percent_covered": 100.0, "percent_covered_display": "100", "missing_lines": 0, "excluded_lines": 0, "percent_statements_covered": 100.0, "percent_statements_covered_display": "100"}, "missing_lines": [], "excluded_lines": [], "start_line": 38}, "BrokerExecutionModel": {"executed_lines": [96, 97, 98, 99, 100, 101, 102, 104, 138, 139, 140, 143, 146, 147, 150, 151, 154, 157, 160, 161, 163, 166, 170, 172, 188, 200, 201, 202, 203, 204, 205, 207, 233, 241, 243, 244, 251, 255, 267, 268, 269, 270, 271, 272, 273, 274], "summary": {"covered_lines": 46, "num_statements": 46, "percent_covered": 100.0, "percent_covered_display": "100", "missing_lines": 0, "excluded_lines": 0, "percent_statements_covered": 100.0, "percent_statements_covered_display": "100"}, "missing_lines": [], "excluded_lines": [], "start_line": 50}, "": {"executed_lines": [17, 18, 19, 20, 22, 24, 27, 30, 33, 34, 37, 38, 41, 42, 43, 44, 45, 46, 47, 50, 74, 114, 198, 209, 253, 265, 282, 308, 332, 361, 386, 404, 422], "summary": {"covered_lines": 33, "num_statements": 91, "percent_covered": 36.26373626373626, "percent_covered_display": "36", "missing_lines": 58, "excluded_lines": 0, "percent_statements_covered": 36.26373626373626, "percent_statements_covered_display": "36"}, "missing_lines": [284, 291, 296, 297, 300, 303, 305, 310, 312, 313, 315, 317, 320, 321, 324, 327, 329, 334, 338, 339, 341, 343, 345, 347, 350, 353, 356, 358, 363, 365, 366, 368, 370, 372, 375, 378, 381, 383, 388, 394, 399, 401, 406, 408, 409, 414, 417, 419, 423, 425, 426, 427, 428, 429, 430, 432, 433, 434], "excluded_lines": [], "start_line": 1}}}, "src/core/cold_start_manager.py": {"executed_lines": [37, 38, 39, 40, 41, 43, 45, 48, 51, 52, 53, 54, 57, 58, 61, 62, 63, 64, 65, 66, 67, 68, 71, 72, 75, 76, 77, 80, 88, 109, 110, 111, 112, 113, 114, 115, 116, 117, 118, 119, 120, 121, 122, 125, 126, 127, 130, 133, 134, 137, 139, 153, 154, 156, 157, 158, 159, 161, 163, 165, 167, 169, 171, 172, 173, 174, 175, 176, 178, 180, 186, 187, 188, 189, 190, 191, 192, 193, 194, 196, 198, 199, 202, 203, 205, 207, 208, 210, 211, 214, 217, 222, 230, 232, 244, 246, 248, 249, 251, 252, 254, 256, 261, 270, 272, 284, 286, 292, 293, 295, 298, 303, 312, 314, 316, 318, 319, 331, 332, 333, 334, 337, 338, 341, 342, 343, 344, 347, 350, 352, 363, 370, 371, 374, 375, 376, 377, 378, 380, 382, 384, 386, 403, 405, 426, 427, 428, 430, 432, 433, 435, 436, 437, 439, 440, 441, 442, 443, 446, 460, 461, 463, 464, 465, 469], "summary": {"covered_lines": 165, "num_statements": 243, "percent_covered": 67.90123456790124, "percent_covered_display": "68", "missing_lines": 78, "excluded_lines": 0, "percent_statements_covered": 67.90123456790124, "percent_statements_covered_display": "68"}, "missing_lines": [470, 471, 473, 476, 477, 478, 479, 480, 481, 482, 483, 485, 486, 488, 491, 492, 493, 496, 497, 498, 499, 500, 502, 503, 504, 505, 506, 510, 513, 514, 515, 518, 519, 520, 521, 522, 524, 525, 526, 528, 531, 532, 539, 540, 541, 542, 543, 544, 545, 547, 548, 551, 552, 555, 558, 559, 560, 561, 562, 564, 565, 566, 568, 571, 572, 574, 575, 576, 577, 578, 580, 581, 582, 583, 585, 587, 589, 591], "excluded_lines": [], "functions": {"ColdStartManager.__init__": {"executed_lines": [109, 110, 111, 112, 113, 114, 115, 116, 117, 118, 119, 120, 121, 122, 125, 126, 127, 130, 133, 134, 137], "summary": {"covered_lines": 21, "num_statements": 21, "percent_covered": 100.0, "percent_covered_display": "100", "missing_lines": 0, "excluded_lines": 0, "percent_statements_covered": 100.0, "percent_statements_covered_display": "100"}, "missing_lines": [], "excluded_lines": [], "start_line": 88}, "ColdStartManager.update": {"executed_lines": [153, 154, 156, 157, 158, 159], "summary": {"covered_lines": 6, "num_statements": 6, "percent_covered": 100.0, "percent_covered_display": "100", "missing_lines": 0, "excluded_lines": 0, "percent_statements_covered": 100.0, "percent_statements_covered_display": "100"}, "missing_lines": [], "excluded_lines": [], "start_line": 139}, "ColdStartManager.can_trade": {"executed_lines": [163], "summary": {"covered_lines": 1, "num_statements": 1, "percent_covered": 100.0, "percent_covered_display": "100", "missing_lines": 0, "excluded_lines": 0, "percent_statements_covered": 100.0, "percent_statements_covered_display": "100"}, "missing_lines": [], "excluded_lines": [], "start_line": 161}, "ColdStartManager.is_paper_only": {"executed_lines": [167], "summary": {"covered_lines": 1, "num_statements": 1, "percent_covered": 100.0, "percent_covered_display": "100", "missing_lines": 0, "excluded_lines": 0, "percent_statements_covered": 100.0, "percent_statements_covered_display": "100"}, "missing_lines": [], "excluded_lines": [], "start_line": 165}, "ColdStartManager.get_position_size_multiplier": {"executed_lines": [171, 172, 173, 174, 175, 176, 178], "summary": {"covered_lines": 7, "num_statements": 7, "percent_covered": 100.0, "percent_covered_display": "100", "missing_lines": 0, "excluded_lines": 0, "percent_statements_covered": 100.0, "percent_statements_covered_display": "100"}, "missing_lines": [], "excluded_lines": [], "start_line": 169}, "ColdStartManager.check_graduation": {"executed_lines": [186, 187, 188, 189, 190, 191, 192, 193, 194], "summary": {"covered_lines": 9, "num_statements": 9, "percent_covered": 100.0, "percent_covered_display": "100", "missing_lines": 0, "excluded_lines": 0, "percent_statements_covered": 100.0, "percent_statements_covered_display": "100"}, "missing_lines": [], "excluded_lines": [], "start_line": 180}, "ColdStartManager._check_observation_graduation": {"executed_lines": [198, 199, 202, 203], "summary": {"covered_lines": 4, "num_statements": 4, "percent_covered": 100.0, "percent_cover
[...]
, 333, 334, 335, 336, 337, 338, 339, 341], "excluded_lines": [], "start_line": 1}}, "classes": {"SafeMath": {"executed_lines": [28, 29, 30, 31, 46, 47, 48, 50, 51, 52, 54, 56, 57, 58, 60, 75, 76, 77, 78, 80, 85, 86, 87, 92, 93, 94, 95, 100, 101, 102, 103, 104, 105, 106, 107, 112], "summary": {"covered_lines": 36, "num_statements": 36, "percent_covered": 100.0, "percent_covered_display": "100", "missing_lines": 0, "excluded_lines": 0, "percent_statements_covered": 100.0, "percent_statements_covered_display": "100"}, "missing_lines": [], "excluded_lines": [], "start_line": 20}, "SafeArray": {"executed_lines": [131, 132, 133, 135, 136, 137, 138, 139, 141, 142, 143, 145, 146, 147, 148, 149, 169, 170, 172, 173, 174, 175, 177, 178, 179, 181, 182, 187, 202, 203, 205, 206, 207, 208, 209, 214, 215, 216, 217, 218, 219], "summary": {"covered_lines": 41, "num_statements": 41, "percent_covered": 100.0, "percent_covered_display": "100", "missing_lines": 0, "excluded_lines": 0, "percent_statements_covered": 100.0, "percent_statements_covered_display": "100"}, "missing_lines": [], "excluded_lines": [], "start_line": 115}, "SafeDeque": {"executed_lines": [226, 227, 228, 232, 236, 240, 244, 247, 250, 254, 258, 262], "summary": {"covered_lines": 12, "num_statements": 12, "percent_covered": 100.0, "percent_covered_display": "100", "missing_lines": 0, "excluded_lines": 0, "percent_statements_covered": 100.0, "percent_statements_covered_display": "100"}, "missing_lines": [], "excluded_lines": [], "start_line": 222}, "": {"executed_lines": [8, 9, 10, 11, 12, 14, 17, 20, 23, 25, 26, 33, 34, 62, 63, 82, 83, 89, 90, 97, 98, 109, 110, 115, 118, 119, 151, 152, 184, 185, 189, 190, 211, 212, 222, 225, 230, 234, 238, 242, 246, 249, 252, 256, 257, 260, 261, 266, 268, 269, 271, 272, 273, 275, 278, 280, 281, 283, 284, 285, 287, 288, 290, 293, 295, 296, 298, 299, 300, 302, 303, 304, 306, 307, 309, 310, 311, 314, 347, 357, 360, 367], "summary": {"covered_lines": 82, "num_statements": 105, "percent_covered": 78.0952380952381, "percent_covered_display": "78", "missing_lines": 23, "excluded_lines": 0, "percent_statements_covered": 78.0952380952381, "percent_statements_covered_display": "78"}, "missing_lines": [316, 317, 318, 319, 320, 321, 322, 324, 325, 326, 327, 328, 329, 331, 332, 333, 334, 335, 336, 337, 338, 339, 341], "excluded_lines": [], "start_line": 1}}}, "src/utils/secure_random.py": {"executed_lines": [25, 26, 29, 41, 42, 57, 59, 60, 75, 77, 78, 91, 93, 94, 107, 109, 110, 123, 125, 126, 141, 143, 144, 159, 161, 162, 185, 186, 187, 188, 189, 190, 191, 192, 193, 195, 196, 199, 202, 203, 204, 205, 206, 207, 208, 209, 212, 213, 217, 218, 219, 221, 223, 224, 239, 241, 242, 260, 266, 268, 271, 273, 276, 278, 281, 283, 287], "summary": {"covered_lines": 67, "num_statements": 93, "percent_covered": 72.04301075268818, "percent_covered_display": "72", "missing_lines": 26, "excluded_lines": 1, "percent_statements_covered": 72.04301075268818, "percent_statements_covered_display": "72"}, "missing_lines": [288, 289, 290, 292, 293, 295, 296, 298, 299, 301, 302, 304, 305, 307, 308, 309, 311, 312, 314, 315, 316, 317, 318, 320, 321, 322], "excluded_lines": [243], "functions": {"SecureRandom.token_hex": {"executed_lines": [57], "summary": {"covered_lines": 1, "num_statements": 1, "percent_covered": 100.0, "percent_covered_display": "100", "missing_lines": 0, "excluded_lines": 0, "percent_statements_covered": 100.0, "percent_statements_covered_display": "100"}, "missing_lines": [], "excluded_lines": [], "start_line": 42}, "SecureRandom.token_urlsafe": {"executed_lines": [75], "summary": {"covered_lines": 1, "num_statements": 1, "percent_covered": 100.0, "percent_covered_display": "100", "missing_lines": 0, "excluded_lines": 0, "percent_statements_covered": 100.0, "percent_statements_covered_display": "100"}, "missing_lines": [], "excluded_lines": [], "start_line": 60}, "SecureRandom.token_bytes": {"executed_lines": [91], "summary": {"covered_lines": 1, "num_statements": 1, "percent_covered": 100.0, "percent_covered_display": "100", "missing_lines": 0, "excluded_lines": 0, "percent_statements_covered": 100.0, "percent_statements_covered_display": "100"}, "missing_lines": [], "excluded_lines": [], "start_line": 78}, "SecureRandom.randbelow": {"executed_lines": [107], "summary": {"covered_lines": 1, "num_statements": 1, "percent_covered": 100.0, "percent_covered_display": "100", "missing_lines": 0, "excluded_lines": 0, "percent_statements_covered": 100.0, "percent_statements_covered_display": "100"}, "missing_lines": [], "excluded_lines": [], "start_line": 94}, "SecureRandom.choice": {"executed_lines": [123], "summary": {"covered_lines": 1, "num_statements": 1, "percent_covered": 100.0, "percent_covered_display": "100", "missing_lines": 0, "excluded_lines": 0, "percent_statements_covered": 100.0, "percent_statements_covered_display": "100"}, "missing_lines": [], "excluded_lines": [], "start_line": 110}, "SecureRandom.session_token": {"executed_lines": [141], "summary": {"covered_lines": 1, "num_statements": 1, "percent_covered": 100.0, "percent_covered_display": "100", "missing_lines": 0, "excluded_lines": 0, "percent_statements_covered": 100.0, "percent_statements_covered_display": "100"}, "missing_lines": [], "excluded_lines": [], "start_line": 126}, "SecureRandom.api_key": {"executed_lines": [159], "summary": {"covered_lines": 1, "num_statements": 1, "percent_covered": 100.0, "percent_covered_display": "100", "missing_lines": 0, "excluded_lines": 0, "percent_statements_covered": 100.0, "percent_statements_covered_display": "100"}, "missing_lines": [], "excluded_lines": [], "start_line": 144}, "SecureRandom.password": {"executed_lines": [185, 186, 187, 188, 189, 190, 191, 192, 193, 195, 196, 199, 202, 203, 204, 205, 206, 207, 208, 209, 212, 213, 217, 218, 219, 221], "summary": {"covered_lines": 26, "num_statements": 26, "percent_covered": 100.0, "percent_covered_display": "100", "missing_lines": 0, "excluded_lines": 0, "percent_statements_covered": 100.0, "percent_statements_covered_display": "100"}, "missing_lines": [], "excluded_lines": [], "start_line": 162}, "SecureRandom.nonce": {"executed_lines": [239], "summary": {"covered_lines": 1, "num_statements": 1, "percent_covered": 100.0, "percent_covered_display": "100", "missing_lines": 0, "excluded_lines": 0, "percent_statements_covered": 100.0, "percent_statements_covered_display": "100"}, "missing_lines": [], "excluded_lines": [], "start_line": 224}, "SecureRandom.compare_digest": {"executed_lines": [260], "summary": {"covered_lines": 1, "num_statements": 1, "percent_covered": 100.0, "percent_covered_display": "100", "missing_lines": 0, "excluded_lines": 1, "percent_statements_covered": 100.0, "percent_statements_covered_display": "100"}, "missing_lines": [], "excluded_lines": [243], "start_line": 242}, "generate_session_id": {"executed_lines": [268], "summary": {"covered_lines": 1, "num_statements": 1, "percent_covered": 100.0, "percent_covered_display": "100", "missing_lines": 0, "excluded_lines": 0, "percent_statements_covered": 100.0, "percent_statements_covered_display": "100"}, "missing_lines": [], "excluded_lines": [], "start_line": 266}, "generate_api_key": {"executed_lines": [273], "summary": {"covered_lines": 1, "num_statements": 1, "percent_covered": 100.0, "percent_covered_display": "100", "missing_lines": 0, "excluded_lines": 0, "percent_statements_covered": 100.0, "percent_statements_covered_display": "100"}, "missing_lines": [], "excluded_lines": [], "start_line": 271}, "generate_csrf_token": {"executed_lines": [278], "summary": {"covered_lines": 1, "num_statements": 1, "percent_covered": 100.0, "percent_covered_display": "100", "missing_lines": 0, "excluded_lines": 0, "percent_statements_covered": 100.0, "percent_statements_covered_display": "100"}, "missing_lines": [], "excluded_lines": [], "start_line": 276}, "generate_oauth_state": {"executed_lines": [283], "summary": {"covered_lines": 1, "num_statements": 1, "percent_covered": 100.0, "percent_covered_display": "100", "missing_lines": 0, "excluded_lines": 0, "percent_statements_covered": 100.0, "percent_statements_covered_display": "100"}, "missing_lines": [], "excluded_lines": [], "start_line": 281}, "": {"executed_lines": [25, 26, 29, 41, 42, 59, 60, 77, 78, 93, 94, 109, 110, 125, 126, 143, 144, 161, 162, 223, 224, 241, 242, 266, 271, 276, 281, 287], "summary": {"covered_lines": 28, "num_statements": 54, "percent_covered": 51.851851851851855, "percent_covered_display": "52", "missing_lines": 26, "excluded_lines": 0, "percent_statements_covered": 51.851851851851855, "percent_statements_covered_display": "52"}, "missing_lines": [288, 289, 290, 292, 293, 295, 296, 298, 299, 301, 302, 304, 305, 307, 308, 309, 311, 312, 314, 315, 316, 317, 318, 320, 321, 322], "excluded_lines": [], "start_line": 1}}, "classes": {"SecureRandom": {"executed_lines": [57, 75, 91, 107, 123, 141, 159, 185, 186, 187, 188, 189, 190, 191, 192, 193, 195, 196, 199, 202, 203, 204, 205, 206, 207, 208, 209, 212, 213, 217, 218, 219, 221, 239, 260], "summary": {"covered_lines": 35, "num_statements": 35, "percent_covered": 100.0, "percent_covered_display": "100", "missing_lines": 0, "excluded_lines": 1, "percent_statements_covered": 100.0, "percent_statements_covered_display": "100"}, "missing_lines": [], "excluded_lines": [243], "start_line": 29}, "": {"executed_lines": [25, 26, 29, 41, 42, 59, 60, 77, 78, 93, 94, 109, 110, 125, 126, 143, 144, 161, 162, 223, 224, 241, 242, 266, 268, 271, 273, 276, 278, 281, 283, 287], "summary": {"covered_lines": 32, "num_statements": 58, "percent_covered": 55.172413793103445, "percent_covered_display": "55", "missing_lines": 26, "excluded_lines": 0, "percent_statements_covered": 55.172413793103445, "percent_statements_covered_display": "55"}, "missing_lines": [288, 289, 290, 292, 293, 295, 296, 298, 299, 301, 302, 304, 305, 307, 308, 309, 311, 312, 314, 315, 316, 317, 318, 320, 321, 322], "excluded_lines": [], "start_line": 1}}}, "src/utils/sum_tree.py": {"executed_lines": [12, 15, 30, 38, 39, 40, 41, 47, 49, 57, 58, 60, 61, 63, 74, 75, 78, 79, 82, 83, 86, 88, 90, 92, 99, 100, 102, 103, 105, 113, 114, 115, 117, 127, 129, 139, 140, 141, 143, 153, 154, 156, 164, 165, 166, 168, 175, 176, 179, 180, 181, 183, 192, 203, 223, 224, 225, 226, 227, 228, 231, 234, 235, 236, 237, 238, 241, 242, 245, 246, 247, 248, 250, 257, 258, 260, 283, 284, 285, 286, 287, 288, 289, 292, 293, 296, 297, 299, 354, 370, 372, 374, 381, 383], "summary": {"covered_lines": 94, "num_statements": 123, "percent_covered": 76.42276422764228, "percent_covered_display": "76", "missing_lines": 29, "excluded_lines": 0, "percent_statements_covered": 76.42276422764228, "percent_statements_covered_display": "76"}, "missing_lines": [310, 311, 313, 316, 317, 319, 321, 323, 324, 325, 328, 329, 330, 333, 336, 339, 340, 343, 344, 345, 346, 347, 348, 350, 352, 362, 364, 365, 368], "excluded_lines": [], "functions": {"SumTree.__init__": {"executed_lines": [38, 39, 40, 41, 47], "summary": {"covered_lines": 5, "num_statements": 5, "percent_covered": 100.0, "percent_covered_display": "100", "missing_lines": 0, "excluded_lines": 0, "percent_statements_covered": 100.0, "percent_statements_covered_display": "100"}, "missing_lines": [], "excluded_lines": [], "start_line": 30}, "SumTree._propagate": {"executed_lines": [57, 58, 60, 61], "summary": {"covered_lines": 4, "num_statements": 4, "percent_covered": 100.0, "percent_covered_display": "100", "missing_lines": 0, "excluded_lines": 0, "percent_statements_covered": 100.0, "percent_statements_covered_display": "100"}, "missing_lines": [], "excluded_lines": [], "start_line": 49}, "SumTree._retrieve": {"executed_lines": [74, 75, 78, 79, 82, 83, 86], "summary": {"covered_lines": 7, "num_statements": 7, "percent_covered": 100.0, "percent_covered_display": "100", "missing_lines": 0, "excluded_lines": 0, "percent_statements_covered": 100.0, "percent_statements_covered_display": "100"}, "missing_lines": [], "excluded_lines": [], "start_line": 63}, "SumTree.total": {"executed_lines": [90], "summary": {"covered_lines": 1, "num_statements": 1, "percent_covered": 100.0, "percent_covered_display": "100", "missing_lines": 0, "excluded_lines": 0, "percent_statements_covered": 100.0, "percent_statements_covered_display": "100"}, "missing_lines": [], "excluded_lines": [], "start_line": 88}, "SumTree.add": {"executed_lines": [99, 100, 102, 103], "summary": {"covered_lines": 4, "num_statements": 4, "percent_covered": 100.0, "percent_covered_display": "100", "missing_lines": 0, "excluded_lines": 0, "percent_statements_covered": 100.0, "percent_statements_covered_display": "100"}, "missing_lines": [], "excluded_lines": [], "start_line": 92}, "SumTree.update": {"executed_lines": [113, 114, 115], "summary": {"covered_lines": 3, "num_statements": 3, "percent_covered": 100.0, "percent_covered_display": "100", "missing_lines": 0, "excluded_lines": 0, "percent_statements_covered": 100.0, "percent_statements_covered_display": "100"}, "missing_lines": [], "excluded_lines": [], "start_line": 105}, "SumTree.get": {"executed_lines": [127], "summary": {"covered_lines": 1, "num_statements": 1, "percent_covered": 100.0, "percent_covered_display": "100", "missing_lines": 0, "excluded_lines": 0, "percent_statements_covered": 100.0, "percent_statements_covered_display": "100"}, "missing_lines": [], "excluded_lines": [], "start_line": 117}, "SumTree.sample": {"executed_lines": [139, 140, 141], "summary": {"covered_lines": 3, "num_statements": 3, "percent_covered": 100.0, "percent_covered_display": "100", "missing_lines": 0, "excluded_lines": 0, "percent_statements_covered": 100.0, "percent_statements_covered_display": "100"}, "missing_lines": [], "excluded_lines": [], "start_line": 129}, "SumTree.get_priority": {"executed_lines": [153, 154], "summary": {"covered_lines": 2, "num_statements": 2, "percent_covered": 100.0, "percent_covered_display": "100", "missing_lines": 0, "excluded_lines": 0, "percent_statements_covered": 100.0, "percent_statements_covered_display": "100"}, "missing_lines": [], "excluded_lines": [], "start_line": 143}, "SumTree.batch_update": {"executed_lines": [164, 165, 166], "summary": {"covered_lines": 3, "num_statements": 3, "percent_covered": 100.0, "percent_covered_display": "100", "missing_lines": 0, "excluded_lines": 0, "percent_statements_covered": 100.0, "percent_statements_covered_display": "100"}, "missing_lines": [], "excluded_lines": [], "start_line": 156}, "SumTree.get_stats": {"executed_lines": [175, 176, 179, 180, 181, 183], "summary": {"covered_lines": 6, "num_statements": 6, "percent_covered": 100.0, "percent_covered_display": "100", "missing_lines": 0, "excluded_lines": 0, "percent_statements_covered": 100.0, "percent_statements_covered_display": "100"}, "missing_lines": [], "excluded_lines": [], "start_line": 168}, "PrioritizedReplayBuffer.__init__": {"executed_lines": [223, 224, 225, 226, 227, 228, 231, 234, 235, 236, 237, 238, 241, 242, 245, 246, 247, 248], "summary": {"covered_lines": 18, "num_statements": 18, "percent_covered": 100.0, "percent_covered_display": "100", "missing_lines": 0, "excluded_lines": 0, "percent_statements_covered": 100.0, "percent_statements_covered_display": "100"}, "missing_lines": [], "excluded_lines": [], "start_line": 203}, "PrioritizedReplayBuffer._get_beta": {"executed_lines": [257, 258], "summary": {"covered_lines": 2, "num_statements": 2, "percent_covered": 100.0, "percent_covered_display": "100", "missing_lines": 0, "excluded_lines": 0, "percent_statements_covered": 100.0, "percent_statements_covered_display": "100"}, "missing_lines": [], "excluded_lines": [], "start_line": 250}, "PrioritizedReplayBuffer.add": {"executed_lines": [283, 284, 285, 286, 287, 288, 289, 292, 293, 296, 297], "summary": {"covered_lines": 11, "num_statements": 11, "percent_covered": 100.0, "percent_covered_display": "100", "missing_lines": 0, "excluded_lines": 0, "percent_statements_covered": 100.0, "percent_statements_covered_display": "100"}, "missing_lines": [], "excluded_lines": [], "start_line": 260}, "PrioritizedReplayBuffer.sample": {"executed_lines": [], "summary": {"covered_lines": 0, "num_statements": 25, "percent_covered": 0.0, "percent_covered_display": "0", "missing_lines": 25, "excluded_lines": 0, "percent_statements_covered": 0.0, "percent_statements_covered_display": "0"}, "missing_lines": [310, 311, 313, 316, 317, 319, 321, 323, 324, 325, 328, 329, 330, 333, 336, 339, 340, 343, 344, 345, 346, 347, 348, 350, 352], "excluded_lines": [], "start_line": 299}, "PrioritizedReplayBuffer.update_priorities": {"executed_lines": [], "summary": {"covered_lines": 0, "num_statements": 4, "percent_covered": 0.0, "percent_covered_display": "0", "missing_lines": 4, "excluded_lines": 0, "percent_statements_covered": 0.0, "percent_statements_covered_display": "0"}, "missing_lines": [362, 364, 365, 368], "excluded_lines": [], "start_line": 354}, "PrioritizedReplayBuffer.__len__": {"executed_lines": [372], "summary": {"covered_lines": 1, "num_statements": 1, "percent_covered": 100.0, "percent_covered_display": "100", "missing_lines": 0, "excluded_lines": 0, "percent_statements_covered": 100.0, "percent_statements_covered_display": "100"}, "missing_lines": [], "excluded_lines": [], "start_line": 370}, "PrioritizedReplayBuffer.get_stats": {"executed_lines": [381, 383], "summary": {"covered_lines": 2, "num_statements": 2, "percent_covered": 100.0, "percent_covered_display": "100", "missing_lines": 0, "excluded_lines": 0, "percent_statements_covered": 100.0, "percent_statements_covered_display": "100"}, "missing_lines": [], "excluded_lines": [], "start_line": 374}, "": {"executed_lines": [12, 15, 30, 49, 63, 88, 92, 105, 117, 129, 143, 156, 168, 192, 203, 250, 260, 299, 354, 370, 374], "summary": {"covered_lines": 21, "num_statements": 21, "percent_covered": 100.0, "percent_covered_display": "100", "missing_lines": 0, "excluded_lines": 0, "percent_statements_covered": 100.0, "percent_statements_covered_display": "100"}, "missing_lines": [], "excluded_lines": [], "start_line": 1}}, "classes": {"SumTree": {"executed_lines": [38, 39, 40, 41, 47, 57, 58, 60, 61, 74, 75, 78, 79, 82, 83, 86, 90, 99, 100, 102, 103, 113, 114, 115, 127, 139, 140, 141, 153, 154, 164, 165, 166, 175, 176, 179, 180, 181, 183], "summary": {"covered_lines": 39, "num_statements": 39, "percent_covered": 100.0, "percent_covered_display": "100", "missing_lines": 0, "excluded_lines": 0, "percent_statements_covered": 100.0, "percent_statements_covered_display": "100"}, "missing_lines": [], "excluded_lines": [], "start_line": 15}, "PrioritizedReplayBuffer": {"executed_lines": [223, 224, 225, 226, 227, 228, 231, 234, 235, 236, 237, 238, 241, 242, 245, 246, 247, 248, 257, 258, 283, 284, 285, 286, 287, 288, 289, 292, 293, 296, 297, 372, 381, 383], "summary": {"covered_lines": 34, "num_statements": 63, "percent_covered": 53.96825396825397, "percent_covered_display": "54", "missing_lines": 29, "excluded_lines": 0, "percent_statements_covered": 53.96825396825397, "percent_statements_covered_display": "54"}, "missing_lines": [310, 311, 313, 316, 317, 319, 321, 323, 324, 325, 328, 329, 330, 333, 336, 339, 340, 343, 344, 345, 346, 347, 348, 350, 352, 362, 364, 365, 368], "excluded_lines": [], "start_line": 192}, "": {"executed_lines": [12, 15, 30, 49, 63, 88, 92, 105, 117, 129, 143, 156, 168, 192, 203, 250, 260, 299, 354, 370, 374], "summary": {"covered_lines": 21, "num_statements": 21, "percent_covered": 100.0, "percent_covered_display": "100", "missing_lines": 0, "excluded_lines": 0, "percent_statements_covered": 100.0, "percent_statements_covered_display": "100"}, "missing_lines": [], "excluded_lines": [], "start_line": 1}}}}, "totals": {"covered_lines": 7976, "num_statements": 15602, "percent_covered": 51.12165107037559, "percent_covered_display": "51", "missing_lines": 7626, "excluded_lines": 11, "percent_statements_covered": 51.12165107037559, "percent_statements_covered_display": "51"}}